{"/Volumes/XTND/DevProjects/WebstormProjects/ng-sparql-querybuilder-example/bower_components/sparql-hollandaise/src/sparql/filter.js":{"path":"/Volumes/XTND/DevProjects/WebstormProjects/ng-sparql-querybuilder-example/bower_components/sparql-hollandaise/src/sparql/filter.js","s":{"1":1,"2":1,"3":1,"4":1,"5":1,"6":1,"7":1,"8":1,"9":1,"10":1,"11":1,"12":1,"13":1,"14":0,"15":1,"16":1,"17":1,"18":2,"19":0,"20":1,"21":1,"22":2,"23":2,"24":1,"25":5,"26":1,"27":1},"b":{"1":[1,1],"2":[1,0],"3":[1,0],"4":[0,1],"5":[0,2]},"f":{"1":1,"2":1,"3":1,"4":2,"5":1,"6":2,"7":5},"fnMap":{"1":{"name":"(anonymous_1)","line":3,"loc":{"start":{"line":0,"column":0},"end":{"line":0,"column":0},"skip":true},"skip":true},"2":{"name":"defineProperties","line":3,"loc":{"start":{"line":0,"column":0},"end":{"line":0,"column":0},"skip":true},"skip":true},"3":{"name":"(anonymous_3)","line":3,"loc":{"start":{"line":0,"column":0},"end":{"line":0,"column":0},"skip":true},"skip":true},"4":{"name":"_classCallCheck","line":9,"loc":{"start":{"line":0,"column":0},"end":{"line":0,"column":0},"skip":true},"skip":true},"5":{"name":"(anonymous_5)","line":11,"loc":{"start":{"line":3,"column":21},"end":{"line":3,"column":21}}},"6":{"name":"Filter","line":20,"loc":{"start":{"line":11,"column":4},"end":{"line":11,"column":25}}},"7":{"name":"toString","line":35,"loc":{"start":{"line":0,"column":0},"end":{"line":0,"column":0},"skip":true},"skip":true}},"statementMap":{"1":{"start":{"line":0,"column":0},"end":{"line":0,"column":0},"skip":true},"2":{"start":{"line":0,"column":0},"end":{"line":0,"column":0},"skip":true},"3":{"start":{"line":0,"column":0},"end":{"line":0,"column":0},"skip":true},"4":{"start":{"line":0,"column":0},"end":{"line":0,"column":0},"skip":true},"5":{"start":{"line":0,"column":0},"end":{"line":0,"column":0},"skip":true},"6":{"start":{"line":0,"column":0},"end":{"line":0,"column":0},"skip":true},"7":{"start":{"line":0,"column":0},"end":{"line":0,"column":0},"skip":true},"8":{"start":{"line":0,"column":0},"end":{"line":0,"column":0},"skip":true},"9":{"start":{"line":0,"column":0},"end":{"line":0,"column":0},"skip":true},"10":{"start":{"line":0,"column":0},"end":{"line":0,"column":0},"skip":true},"11":{"start":{"line":0,"column":0},"end":{"line":0,"column":0},"skip":true},"12":{"start":{"line":0,"column":0},"end":{"line":0,"column":0},"skip":true},"13":{"start":{"line":0,"column":0},"end":{"line":0,"column":0},"skip":true},"14":{"start":{"line":0,"column":0},"end":{"line":0,"column":0},"skip":true},"15":{"start":{"line":0,"column":0},"end":{"line":0,"column":0},"skip":true},"16":{"start":{"line":0,"column":0},"end":{"line":0,"column":0},"skip":true},"17":{"start":{"line":0,"column":0},"end":{"line":0,"column":0},"skip":true},"18":{"start":{"line":0,"column":0},"end":{"line":0,"column":0},"skip":true},"19":{"start":{"line":0,"column":0},"end":{"line":0,"column":0},"skip":true},"20":{"start":{"line":0,"column":0},"end":{"line":0,"column":0},"skip":true},"21":{"start":{"line":11,"column":4},"end":{"line":11,"column":4}},"22":{"start":{"line":0,"column":0},"end":{"line":0,"column":0},"skip":true},"23":{"start":{"line":12,"column":8},"end":{"line":11,"column":25}},"24":{"start":{"line":0,"column":0},"end":{"line":0,"column":0},"skip":true},"25":{"start":{"line":22,"column":8},"end":{"line":21,"column":15}},"26":{"start":{"line":0,"column":0},"end":{"line":0,"column":0},"skip":true},"27":{"start":{"line":0,"column":0},"end":{"line":0,"column":0},"skip":true}},"branchMap":{"1":{"line":3,"type":"binary-expr","locations":[{"start":{"line":0,"column":0},"end":{"line":0,"column":0},"skip":true},{"start":{"line":0,"column":0},"end":{"line":0,"column":0},"skip":true}]},"2":{"line":3,"type":"if","locations":[{"start":{"line":0,"column":0},"end":{"line":0,"column":0},"skip":true},{"start":{"line":0,"column":0},"end":{"line":0,"column":0},"skip":true}]},"3":{"line":3,"type":"if","locations":[{"start":{"line":0,"column":0},"end":{"line":0,"column":0},"skip":true},{"start":{"line":0,"column":0},"end":{"line":0,"column":0},"skip":true}]},"4":{"line":3,"type":"if","locations":[{"start":{"line":0,"column":0},"end":{"line":0,"column":0},"skip":true},{"start":{"line":0,"column":0},"end":{"line":0,"column":0},"skip":true}]},"5":{"line":9,"type":"if","locations":[{"start":{"line":0,"column":0},"end":{"line":0,"column":0},"skip":true},{"start":{"line":0,"column":0},"end":{"line":0,"column":0},"skip":true}]}}},"/Volumes/XTND/DevProjects/WebstormProjects/ng-sparql-querybuilder-example/bower_components/sparql-hollandaise/src/sparql/graph-pattern.js":{"path":"/Volumes/XTND/DevProjects/WebstormProjects/ng-sparql-querybuilder-example/bower_components/sparql-hollandaise/src/sparql/graph-pattern.js","s":{"1":1,"2":0,"3":0,"4":1,"5":1,"6":1,"7":6,"8":6,"9":6,"10":6,"11":6,"12":6,"13":1,"14":1,"15":1,"16":1,"17":0,"18":1,"19":1,"20":1,"21":1,"22":1,"23":1,"24":1,"25":15,"26":0,"27":1,"28":1,"29":15,"30":15,"31":15,"32":15,"33":15,"34":15,"35":15,"36":15,"37":15,"38":8,"39":8,"40":8,"41":8,"42":8,"43":16,"44":16,"45":0,"46":0,"47":8,"48":8,"49":0,"50":8,"51":0,"52":7,"53":7,"54":1,"55":29,"56":29,"57":1,"58":29,"59":29,"60":0,"61":2,"62":2,"63":2,"64":2,"65":0,"66":0,"67":33,"68":16,"69":22,"70":22,"71":22,"72":22,"73":22,"74":22,"75":36,"76":36,"77":1,"78":35,"79":0,"80":0,"81":22,"82":22,"83":0,"84":22,"85":0,"86":22,"87":22,"88":1,"89":1},"b":{"1":[1,0],"2":[1,1],"3":[0,0],"4":[0,0,0],"5":[6,6],"6":[6,0],"7":[1,0],"8":[0,1],"9":[1,0],"10":[1,1],"11":[0,15],"12":[9,6],"13":[15,6],"14":[9,6],"15":[15,6],"16":[11,4],"17":[15,4],"18":[8,7],"19":[0,8],"20":[8,0],"21":[0,8],"22":[7,0],"23":[28,1],"24":[29,1],"25":[1,28],"26":[29,0],"27":[28,1],"28":[0,0],"29":[0,0],"30":[1,1],"31":[2,1],"32":[1,1],"33":[2,1],"34":[2,0],"35":[2,2],"36":[1,21],"37":[1,21],"38":[1,35],"39":[15,20],"40":[35,25],"41":[0,22],"42":[22,0],"43":[0,22]},"f":{"1":0,"2":0,"3":1,"4":1,"5":1,"6":1,"7":15,"8":1,"9":15,"10":29,"11":2,"12":0,"13":33,"14":16,"15":22},"fnMap":{"1":{"name":"(anonymous_1)","line":3,"loc":{"start":{"line":0,"column":0},"end":{"line":0,"column":0},"skip":true},"skip":true},"2":{"name":"(anonymous_2)","line":3,"loc":{"start":{"line":0,"column":0},"end":{"line":0,"column":0},"skip":true},"skip":true},"3":{"name":"(anonymous_3)","line":5,"loc":{"start":{"line":0,"column":0},"end":{"line":0,"column":0},"skip":true},"skip":true},"4":{"name":"defineProperties","line":5,"loc":{"start":{"line":0,"column":0},"end":{"line":0,"column":0},"skip":true},"skip":true},"5":{"name":"(anonymous_5)","line":5,"loc":{"start":{"line":0,"column":0},"end":{"line":0,"column":0},"skip":true},"skip":true},"6":{"name":"_interopRequireDefault","line":15,"loc":{"start":{"line":0,"column":0},"end":{"line":0,"column":0},"skip":true},"skip":true},"7":{"name":"_classCallCheck","line":17,"loc":{"start":{"line":0,"column":0},"end":{"line":0,"column":0},"skip":true},"skip":true},"8":{"name":"(anonymous_8)","line":19,"loc":{"start":{"line":5,"column":21},"end":{"line":5,"column":21}}},"9":{"name":"GraphPattern","line":31,"loc":{"start":{"line":16,"column":4},"end":{"line":16,"column":105}}},"10":{"name":"addElement","line":82,"loc":{"start":{"line":0,"column":0},"end":{"line":0,"column":0},"skip":true},"skip":true},"11":{"name":"removeElements","line":105,"loc":{"start":{"line":0,"column":0},"end":{"line":0,"column":0},"skip":true},"skip":true},"12":{"name":"getElements","line":125,"loc":{"start":{"line":0,"column":0},"end":{"line":0,"column":0},"skip":true},"skip":true},"13":{"name":"countElements","line":138,"loc":{"start":{"line":0,"column":0},"end":{"line":0,"column":0},"skip":true},"skip":true},"14":{"name":"clear","line":150,"loc":{"start":{"line":0,"column":0},"end":{"line":0,"column":0},"skip":true},"skip":true},"15":{"name":"toString","line":163,"loc":{"start":{"line":0,"column":0},"end":{"line":0,"column":0},"skip":true},"skip":true}},"statementMap":{"1":{"start":{"line":0,"column":0},"end":{"line":0,"column":0},"skip":true},"2":{"start":{"line":0,"column":0},"end":{"line":0,"column":0},"skip":true},"3":{"start":{"line":0,"column":0},"end":{"line":0,"column":0},"skip":true},"4":{"start":{"line":0,"column":0},"end":{"line":0,"column":0},"skip":true},"5":{"start":{"line":0,"column":0},"end":{"line":0,"column":0},"skip":true},"6":{"start":{"line":0,"column":0},"end":{"line":0,"column":0},"skip":true},"7":{"start":{"line":0,"column":0},"end":{"line":0,"column":0},"skip":true},"8":{"start":{"line":0,"column":0},"end":{"line":0,"column":0},"skip":true},"9":{"start":{"line":0,"column":0},"end":{"line":0,"column":0},"skip":true},"10":{"start":{"line":0,"column":0},"end":{"line":0,"column":0},"skip":true},"11":{"start":{"line":0,"column":0},"end":{"line":0,"column":0},"skip":true},"12":{"start":{"line":0,"column":0},"end":{"line":0,"column":0},"skip":true},"13":{"start":{"line":0,"column":0},"end":{"line":0,"column":0},"skip":true},"14":{"start":{"line":0,"column":0},"end":{"line":0,"column":0},"skip":true},"15":{"start":{"line":0,"column":0},"end":{"line":0,"column":0},"skip":true},"16":{"start":{"line":0,"column":0},"end":{"line":0,"column":0},"skip":true},"17":{"start":{"line":0,"column":0},"end":{"line":0,"column":0},"skip":true},"18":{"start":{"line":0,"column":0},"end":{"line":0,"column":0},"skip":true},"19":{"start":{"line":0,"column":0},"end":{"line":0,"column":0},"skip":true},"20":{"start":{"line":0,"column":0},"end":{"line":0,"column":0},"skip":true},"21":{"start":{"line":0,"column":0},"end":{"line":0,"column":0},"skip":true},"22":{"start":{"line":0,"column":0},"end":{"line":0,"column":0},"skip":true},"23":{"start":{"line":0,"column":0},"end":{"line":0,"column":0},"skip":true},"24":{"start":{"line":0,"column":0},"end":{"line":0,"column":0},"skip":true},"25":{"start":{"line":0,"column":0},"end":{"line":0,"column":0},"skip":true},"26":{"start":{"line":0,"column":0},"end":{"line":0,"column":0},"skip":true},"27":{"start":{"line":0,"column":0},"end":{"line":0,"column":0},"skip":true},"28":{"start":{"line":16,"column":4},"end":{"line":16,"column":4}},"29":{"start":{"line":0,"column":0},"end":{"line":0,"column":0},"skip":true},"30":{"start":{"line":0,"column":0},"end":{"line":0,"column":0},"skip":true},"31":{"start":{"line":0,"column":0},"end":{"line":0,"column":0},"skip":true},"32":{"start":{"line":0,"column":0},"end":{"line":0,"column":0},"skip":true},"33":{"start":{"line":17,"column":8},"end":{"line":16,"column":105}},"34":{"start":{"line":18,"column":8},"end":{"line":16,"column":105}},"35":{"start":{"line":19,"column":8},"end":{"line":16,"column":105}},"36":{"start":{"line":20,"column":8},"end":{"line":16,"column":105}},"37":{"start":{"line":21,"column":8},"end":{"line":25,"column":15}},"38":{"start":{"line":0,"column":0},"end":{"line":0,"column":0},"skip":true},"39":{"start":{"line":0,"column":0},"end":{"line":0,"column":0},"skip":true},"40":{"start":{"line":0,"column":0},"end":{"line":0,"column":0},"skip":true},"41":{"start":{"line":0,"column":0},"end":{"line":0,"column":0},"skip":true},"42":{"start":{"line":22,"column":12},"end":{"line":22,"column":12}},"43":{"start":{"line":0,"column":0},"end":{"line":0,"column":0},"skip":true},"44":{"start":{"line":23,"column":16},"end":{"line":22,"column":42}},"45":{"start":{"line":0,"column":0},"end":{"line":0,"column":0},"skip":true},"46":{"start":{"line":0,"column":0},"end":{"line":0,"column":0},"skip":true},"47":{"start":{"line":0,"column":0},"end":{"line":0,"column":0},"skip":true},"48":{"start":{"line":0,"column":0},"end":{"line":0,"column":0},"skip":true},"49":{"start":{"line":0,"column":0},"end":{"line":0,"column":0},"skip":true},"50":{"start":{"line":0,"column":0},"end":{"line":0,"column":0},"skip":true},"51":{"start":{"line":0,"column":0},"end":{"line":0,"column":0},"skip":true},"52":{"start":{"line":25,"column":15},"end":{"line":25,"column":15}},"53":{"start":{"line":26,"column":12},"end":{"line":25,"column":29}},"54":{"start":{"line":0,"column":0},"end":{"line":0,"column":0},"skip":true},"55":{"start":{"line":0,"column":0},"end":{"line":0,"column":0},"skip":true},"56":{"start":{"line":38,"column":8},"end":{"line":38,"column":8}},"57":{"start":{"line":39,"column":12},"end":{"line":38,"column":41}},"58":{"start":{"line":41,"column":8},"end":{"line":41,"column":8}},"59":{"start":{"line":42,"column":12},"end":{"line":41,"column":71}},"60":{"start":{"line":44,"column":12},"end":{"line":43,"column":15}},"61":{"start":{"line":0,"column":0},"end":{"line":0,"column":0},"skip":true},"62":{"start":{"line":0,"column":0},"end":{"line":0,"column":0},"skip":true},"63":{"start":{"line":56,"column":8},"end":{"line":56,"column":8}},"64":{"start":{"line":57,"column":12},"end":{"line":56,"column":69}},"65":{"start":{"line":59,"column":12},"end":{"line":58,"column":15}},"66":{"start":{"line":70,"column":8},"end":{"line":69,"column":18}},"67":{"start":{"line":80,"column":8},"end":{"line":79,"column":20}},"68":{"start":{"line":89,"column":8},"end":{"line":88,"column":12}},"69":{"start":{"line":99,"column":8},"end":{"line":98,"column":15}},"70":{"start":{"line":0,"column":0},"end":{"line":0,"column":0},"skip":true},"71":{"start":{"line":0,"column":0},"end":{"line":0,"column":0},"skip":true},"72":{"start":{"line":0,"column":0},"end":{"line":0,"column":0},"skip":true},"73":{"start":{"line":0,"column":0},"end":{"line":0,"column":0},"skip":true},"74":{"start":{"line":100,"column":8},"end":{"line":100,"column":8}},"75":{"start":{"line":0,"column":0},"end":{"line":0,"column":0},"skip":true},"76":{"start":{"line":101,"column":12},"end":{"line":101,"column":12}},"77":{"start":{"line":102,"column":16},"end":{"line":101,"column":54}},"78":{"start":{"line":104,"column":16},"end":{"line":103,"column":19}},"79":{"start":{"line":0,"column":0},"end":{"line":0,"column":0},"skip":true},"80":{"start":{"line":0,"column":0},"end":{"line":0,"column":0},"skip":true},"81":{"start":{"line":0,"column":0},"end":{"line":0,"column":0},"skip":true},"82":{"start":{"line":0,"column":0},"end":{"line":0,"column":0},"skip":true},"83":{"start":{"line":0,"column":0},"end":{"line":0,"column":0},"skip":true},"84":{"start":{"line":0,"column":0},"end":{"line":0,"column":0},"skip":true},"85":{"start":{"line":0,"column":0},"end":{"line":0,"column":0},"skip":true},"86":{"start":{"line":107,"column":8},"end":{"line":98,"column":15}},"87":{"start":{"line":108,"column":8},"end":{"line":98,"column":15}},"88":{"start":{"line":0,"column":0},"end":{"line":0,"column":0},"skip":true},"89":{"start":{"line":0,"column":0},"end":{"line":0,"column":0},"skip":true}},"branchMap":{"1":{"line":3,"type":"cond-expr","locations":[{"start":{"line":0,"column":0},"end":{"line":0,"column":0},"skip":true},{"start":{"line":0,"column":0},"end":{"line":0,"column":0},"skip":true}]},"2":{"line":3,"type":"binary-expr","locations":[{"start":{"line":0,"column":0},"end":{"line":0,"column":0},"skip":true},{"start":{"line":0,"column":0},"end":{"line":0,"column":0},"skip":true}]},"3":{"line":3,"type":"cond-expr","locations":[{"start":{"line":0,"column":0},"end":{"line":0,"column":0},"skip":true},{"start":{"line":0,"column":0},"end":{"line":0,"column":0},"skip":true}]},"4":{"line":3,"type":"binary-expr","locations":[{"start":{"line":0,"column":0},"end":{"line":0,"column":0},"skip":true},{"start":{"line":0,"column":0},"end":{"line":0,"column":0},"skip":true},{"start":{"line":0,"column":0},"end":{"line":0,"column":0},"skip":true}]},"5":{"line":5,"type":"binary-expr","locations":[{"start":{"line":0,"column":0},"end":{"line":0,"column":0},"skip":true},{"start":{"line":0,"column":0},"end":{"line":0,"column":0},"skip":true}]},"6":{"line":5,"type":"if","locations":[{"start":{"line":0,"column":0},"end":{"line":0,"column":0},"skip":true},{"start":{"line":0,"column":0},"end":{"line":0,"column":0},"skip":true}]},"7":{"line":5,"type":"if","locations":[{"start":{"line":0,"column":0},"end":{"line":0,"column":0},"skip":true},{"start":{"line":0,"column":0},"end":{"line":0,"column":0},"skip":true}]},"8":{"line":5,"type":"if","locations":[{"start":{"line":0,"column":0},"end":{"line":0,"column":0},"skip":true},{"start":{"line":0,"column":0},"end":{"line":0,"column":0},"skip":true}]},"9":{"line":15,"type":"cond-expr","locations":[{"start":{"line":0,"column":0},"end":{"line":0,"column":0},"skip":true},{"start":{"line":0,"column":0},"end":{"line":0,"column":0},"skip":true}]},"10":{"line":15,"type":"binary-expr","locations":[{"start":{"line":0,"column":0},"end":{"line":0,"column":0},"skip":true},{"start":{"line":0,"column":0},"end":{"line":0,"column":0},"skip":true}]},"11":{"line":17,"type":"if","locations":[{"start":{"line":0,"column":0},"end":{"line":0,"column":0},"skip":true},{"start":{"line":0,"column":0},"end":{"line":0,"column":0},"skip":true}]},"12":{"line":32,"type":"cond-expr","locations":[{"start":{"line":16,"column":37},"end":{"line":16,"column":37}},{"start":{"line":16,"column":37},"end":{"line":16,"column":37}}]},"13":{"line":32,"type":"binary-expr","locations":[{"start":{"line":16,"column":26},"end":{"line":16,"column":26}},{"start":{"line":16,"column":26},"end":{"line":16,"column":26}}]},"14":{"line":33,"type":"cond-expr","locations":[{"start":{"line":16,"column":52},"end":{"line":16,"column":52}},{"start":{"line":16,"column":52},"end":{"line":16,"column":52}}]},"15":{"line":33,"type":"binary-expr","locations":[{"start":{"line":16,"column":44},"end":{"line":16,"column":44}},{"start":{"line":16,"column":44},"end":{"line":16,"column":44}}]},"16":{"line":34,"type":"cond-expr","locations":[{"start":{"line":16,"column":74},"end":{"line":16,"column":74}},{"start":{"line":16,"column":74},"end":{"line":16,"column":74}}]},"17":{"line":34,"type":"binary-expr","locations":[{"start":{"line":16,"column":59},"end":{"line":16,"column":59}},{"start":{"line":16,"column":59},"end":{"line":16,"column":59}}]},"18":{"line":42,"type":"if","locations":[{"start":{"line":21,"column":8},"end":{"line":21,"column":8}},{"start":{"line":21,"column":8},"end":{"line":21,"column":8}}]},"19":{"line":58,"type":"if","locations":[{"start":{"line":0,"column":0},"end":{"line":0,"column":0},"skip":true},{"start":{"line":0,"column":0},"end":{"line":0,"column":0},"skip":true}]},"20":{"line":58,"type":"binary-expr","locations":[{"start":{"line":0,"column":0},"end":{"line":0,"column":0},"skip":true},{"start":{"line":0,"column":0},"end":{"line":0,"column":0},"skip":true}]},"21":{"line":62,"type":"if","locations":[{"start":{"line":0,"column":0},"end":{"line":0,"column":0},"skip":true},{"start":{"line":0,"column":0},"end":{"line":0,"column":0},"skip":true}]},"22":{"line":67,"type":"if","locations":[{"start":{"line":25,"column":15},"end":{"line":25,"column":15}},{"start":{"line":25,"column":15},"end":{"line":25,"column":15}}]},"23":{"line":83,"type":"cond-expr","locations":[{"start":{"line":37,"column":34},"end":{"line":37,"column":34}},{"start":{"line":37,"column":34},"end":{"line":37,"column":34}}]},"24":{"line":83,"type":"binary-expr","locations":[{"start":{"line":37,"column":24},"end":{"line":37,"column":24}},{"start":{"line":37,"column":24},"end":{"line":37,"column":24}}]},"25":{"line":85,"type":"if","locations":[{"start":{"line":38,"column":8},"end":{"line":38,"column":8}},{"start":{"line":38,"column":8},"end":{"line":38,"column":8}}]},"26":{"line":88,"type":"if","locations":[{"start":{"line":41,"column":8},"end":{"line":41,"column":8}},{"start":{"line":41,"column":8},"end":{"line":41,"column":8}}]},"27":{"line":89,"type":"cond-expr","locations":[{"start":{"line":42,"column":48},"end":{"line":42,"column":34}},{"start":{"line":42,"column":71},"end":{"line":42,"column":34}}]},"28":{"line":91,"type":"binary-expr","locations":[{"start":{"line":44,"column":58},"end":{"line":44,"column":58}},{"start":{"line":44,"column":58},"end":{"line":44,"column":93}}]},"29":{"line":91,"type":"cond-expr","locations":[{"start":{"line":44,"column":93},"end":{"line":44,"column":93}},{"start":{"line":44,"column":93},"end":{"line":44,"column":93}}]},"30":{"line":106,"type":"cond-expr","locations":[{"start":{"line":55,"column":29},"end":{"line":55,"column":29}},{"start":{"line":55,"column":29},"end":{"line":55,"column":29}}]},"31":{"line":106,"type":"binary-expr","locations":[{"start":{"line":55,"column":19},"end":{"line":55,"column":19}},{"start":{"line":55,"column":19},"end":{"line":55,"column":19}}]},"32":{"line":107,"type":"cond-expr","locations":[{"start":{"line":55,"column":40},"end":{"line":55,"column":40}},{"start":{"line":55,"column":40},"end":{"line":55,"column":40}}]},"33":{"line":107,"type":"binary-expr","locations":[{"start":{"line":55,"column":32},"end":{"line":55,"column":32}},{"start":{"line":55,"column":32},"end":{"line":55,"column":32}}]},"34":{"line":109,"type":"if","locations":[{"start":{"line":56,"column":8},"end":{"line":56,"column":8}},{"start":{"line":56,"column":8},"end":{"line":56,"column":8}}]},"35":{"line":109,"type":"binary-expr","locations":[{"start":{"line":56,"column":12},"end":{"line":56,"column":12}},{"start":{"line":56,"column":28},"end":{"line":56,"column":28}}]},"36":{"line":164,"type":"cond-expr","locations":[{"start":{"line":99,"column":41},"end":{"line":99,"column":24}},{"start":{"line":99,"column":55},"end":{"line":99,"column":24}}]},"37":{"line":164,"type":"cond-expr","locations":[{"start":{"line":99,"column":74},"end":{"line":99,"column":60}},{"start":{"line":99,"column":85},"end":{"line":99,"column":60}}]},"38":{"line":173,"type":"if","locations":[{"start":{"line":101,"column":12},"end":{"line":101,"column":12}},{"start":{"line":101,"column":12},"end":{"line":101,"column":12}}]},"39":{"line":176,"type":"cond-expr","locations":[{"start":{"line":104,"column":107},"end":{"line":104,"column":50}},{"start":{"line":104,"column":115},"end":{"line":104,"column":50}}]},"40":{"line":176,"type":"binary-expr","locations":[{"start":{"line":104,"column":50},"end":{"line":104,"column":50}},{"start":{"line":104,"column":79},"end":{"line":104,"column":50}}]},"41":{"line":184,"type":"if","locations":[{"start":{"line":0,"column":0},"end":{"line":0,"column":0},"skip":true},{"start":{"line":0,"column":0},"end":{"line":0,"column":0},"skip":true}]},"42":{"line":184,"type":"binary-expr","locations":[{"start":{"line":0,"column":0},"end":{"line":0,"column":0},"skip":true},{"start":{"line":0,"column":0},"end":{"line":0,"column":0},"skip":true}]},"43":{"line":188,"type":"if","locations":[{"start":{"line":0,"column":0},"end":{"line":0,"column":0},"skip":true},{"start":{"line":0,"column":0},"end":{"line":0,"column":0},"skip":true}]}}},"/Volumes/XTND/DevProjects/WebstormProjects/ng-sparql-querybuilder-example/bower_components/sparql-hollandaise/src/sparql/triple.js":{"path":"/Volumes/XTND/DevProjects/WebstormProjects/ng-sparql-querybuilder-example/bower_components/sparql-hollandaise/src/sparql/triple.js","s":{"1":1,"2":1,"3":1,"4":1,"5":1,"6":1,"7":1,"8":1,"9":1,"10":1,"11":1,"12":1,"13":1,"14":0,"15":1,"16":1,"17":1,"18":9,"19":0,"20":1,"21":1,"22":9,"23":9,"24":9,"25":13,"26":9,"27":1,"28":1,"29":1,"30":1,"31":1,"32":1,"33":3,"34":3,"35":0,"36":0,"37":1,"38":1,"39":0,"40":1,"41":0,"42":1,"43":1,"44":1,"45":2,"46":2,"47":2,"48":1,"49":1,"50":1,"51":2,"52":6,"53":6,"54":6,"55":9,"56":9,"57":9,"58":9,"59":0,"60":1,"61":29,"62":1,"63":28,"64":1,"65":27,"66":1,"67":1},"b":{"1":[1,1],"2":[1,0],"3":[1,0],"4":[0,1],"5":[0,9],"6":[1,2,6],"7":[0,1],"8":[1,0],"9":[0,1],"10":[1,0],"11":[2,0],"12":[2,2],"13":[1,1],"14":[1,0],"15":[6,0],"16":[9,0],"17":[1,28],"18":[1,27]},"f":{"1":1,"2":1,"3":1,"4":9,"5":1,"6":9,"7":29},"fnMap":{"1":{"name":"(anonymous_1)","line":3,"loc":{"start":{"line":0,"column":0},"end":{"line":0,"column":0},"skip":true},"skip":true},"2":{"name":"defineProperties","line":3,"loc":{"start":{"line":0,"column":0},"end":{"line":0,"column":0},"skip":true},"skip":true},"3":{"name":"(anonymous_3)","line":3,"loc":{"start":{"line":0,"column":0},"end":{"line":0,"column":0},"skip":true},"skip":true},"4":{"name":"_classCallCheck","line":9,"loc":{"start":{"line":0,"column":0},"end":{"line":0,"column":0},"skip":true},"skip":true},"5":{"name":"(anonymous_5)","line":11,"loc":{"start":{"line":3,"column":21},"end":{"line":3,"column":21}}},"6":{"name":"Triple","line":20,"loc":{"start":{"line":11,"column":4},"end":{"line":11,"column":25}}},"7":{"name":"toString","line":97,"loc":{"start":{"line":0,"column":0},"end":{"line":0,"column":0},"skip":true},"skip":true}},"statementMap":{"1":{"start":{"line":0,"column":0},"end":{"line":0,"column":0},"skip":true},"2":{"start":{"line":0,"column":0},"end":{"line":0,"column":0},"skip":true},"3":{"start":{"line":0,"column":0},"end":{"line":0,"column":0},"skip":true},"4":{"start":{"line":0,"column":0},"end":{"line":0,"column":0},"skip":true},"5":{"start":{"line":0,"column":0},"end":{"line":0,"column":0},"skip":true},"6":{"start":{"line":0,"column":0},"end":{"line":0,"column":0},"skip":true},"7":{"start":{"line":0,"column":0},"end":{"line":0,"column":0},"skip":true},"8":{"start":{"line":0,"column":0},"end":{"line":0,"column":0},"skip":true},"9":{"start":{"line":0,"column":0},"end":{"line":0,"column":0},"skip":true},"10":{"start":{"line":0,"column":0},"end":{"line":0,"column":0},"skip":true},"11":{"start":{"line":0,"column":0},"end":{"line":0,"column":0},"skip":true},"12":{"start":{"line":0,"column":0},"end":{"line":0,"column":0},"skip":true},"13":{"start":{"line":0,"column":0},"end":{"line":0,"column":0},"skip":true},"14":{"start":{"line":0,"column":0},"end":{"line":0,"column":0},"skip":true},"15":{"start":{"line":0,"column":0},"end":{"line":0,"column":0},"skip":true},"16":{"start":{"line":0,"column":0},"end":{"line":0,"column":0},"skip":true},"17":{"start":{"line":0,"column":0},"end":{"line":0,"column":0},"skip":true},"18":{"start":{"line":0,"column":0},"end":{"line":0,"column":0},"skip":true},"19":{"start":{"line":0,"column":0},"end":{"line":0,"column":0},"skip":true},"20":{"start":{"line":0,"column":0},"end":{"line":0,"column":0},"skip":true},"21":{"start":{"line":11,"column":4},"end":{"line":11,"column":4}},"22":{"start":{"line":0,"column":0},"end":{"line":0,"column":0},"skip":true},"23":{"start":{"line":12,"column":8},"end":{"line":11,"column":25}},"24":{"start":{"line":0,"column":0},"end":{"line":0,"column":0},"skip":true},"25":{"start":{"line":0,"column":0},"end":{"line":0,"column":0},"skip":true},"26":{"start":{"line":13,"column":8},"end":{"line":11,"column":25}},"27":{"start":{"line":15,"column":16},"end":{"line":14,"column":12}},"28":{"start":{"line":0,"column":0},"end":{"line":0,"column":0},"skip":true},"29":{"start":{"line":0,"column":0},"end":{"line":0,"column":0},"skip":true},"30":{"start":{"line":0,"column":0},"end":{"line":0,"column":0},"skip":true},"31":{"start":{"line":0,"column":0},"end":{"line":0,"column":0},"skip":true},"32":{"start":{"line":16,"column":16},"end":{"line":16,"column":16}},"33":{"start":{"line":0,"column":0},"end":{"line":0,"column":0},"skip":true},"34":{"start":{"line":17,"column":20},"end":{"line":16,"column":38}},"35":{"start":{"line":0,"column":0},"end":{"line":0,"column":0},"skip":true},"36":{"start":{"line":0,"column":0},"end":{"line":0,"column":0},"skip":true},"37":{"start":{"line":0,"column":0},"end":{"line":0,"column":0},"skip":true},"38":{"start":{"line":0,"column":0},"end":{"line":0,"column":0},"skip":true},"39":{"start":{"line":0,"column":0},"end":{"line":0,"column":0},"skip":true},"40":{"start":{"line":0,"column":0},"end":{"line":0,"column":0},"skip":true},"41":{"start":{"line":0,"column":0},"end":{"line":0,"column":0},"skip":true},"42":{"start":{"line":19,"column":16},"end":{"line":19,"column":16}},"43":{"start":{"line":19,"column":27},"end":{"line":19,"column":16}},"44":{"start":{"line":20,"column":16},"end":{"line":14,"column":12}},"45":{"start":{"line":22,"column":16},"end":{"line":22,"column":16}},"46":{"start":{"line":23,"column":20},"end":{"line":22,"column":75}},"47":{"start":{"line":24,"column":20},"end":{"line":28,"column":27}},"48":{"start":{"line":27,"column":24},"end":{"line":24,"column":45}},"49":{"start":{"line":28,"column":27},"end":{"line":28,"column":27}},"50":{"start":{"line":31,"column":24},"end":{"line":28,"column":52}},"51":{"start":{"line":34,"column":16},"end":{"line":21,"column":12}},"52":{"start":{"line":36,"column":16},"end":{"line":36,"column":16}},"53":{"start":{"line":37,"column":20},"end":{"line":36,"column":49}},"54":{"start":{"line":39,"column":16},"end":{"line":35,"column":12}},"55":{"start":{"line":41,"column":8},"end":{"line":41,"column":8}},"56":{"start":{"line":42,"column":12},"end":{"line":41,"column":40}},"57":{"start":{"line":43,"column":12},"end":{"line":41,"column":40}},"58":{"start":{"line":44,"column":12},"end":{"line":41,"column":40}},"59":{"start":{"line":46,"column":12},"end":{"line":45,"column":15}},"60":{"start":{"line":0,"column":0},"end":{"line":0,"column":0},"skip":true},"61":{"start":{"line":57,"column":8},"end":{"line":59,"column":15}},"62":{"start":{"line":58,"column":12},"end":{"line":57,"column":43}},"63":{"start":{"line":59,"column":15},"end":{"line":59,"column":15}},"64":{"start":{"line":60,"column":12},"end":{"line":59,"column":47}},"65":{"start":{"line":62,"column":8},"end":{"line":56,"column":15}},"66":{"start":{"line":0,"column":0},"end":{"line":0,"column":0},"skip":true},"67":{"start":{"line":0,"column":0},"end":{"line":0,"column":0},"skip":true}},"branchMap":{"1":{"line":3,"type":"binary-expr","locations":[{"start":{"line":0,"column":0},"end":{"line":0,"column":0},"skip":true},{"start":{"line":0,"column":0},"end":{"line":0,"column":0},"skip":true}]},"2":{"line":3,"type":"if","locations":[{"start":{"line":0,"column":0},"end":{"line":0,"column":0},"skip":true},{"start":{"line":0,"column":0},"end":{"line":0,"column":0},"skip":true}]},"3":{"line":3,"type":"if","locations":[{"start":{"line":0,"column":0},"end":{"line":0,"column":0},"skip":true},{"start":{"line":0,"column":0},"end":{"line":0,"column":0},"skip":true}]},"4":{"line":3,"type":"if","locations":[{"start":{"line":0,"column":0},"end":{"line":0,"column":0},"skip":true},{"start":{"line":0,"column":0},"end":{"line":0,"column":0},"skip":true}]},"5":{"line":9,"type":"if","locations":[{"start":{"line":0,"column":0},"end":{"line":0,"column":0},"skip":true},{"start":{"line":0,"column":0},"end":{"line":0,"column":0},"skip":true}]},"6":{"line":29,"type":"switch","locations":[{"start":{"line":14,"column":12},"end":{"line":14,"column":12}},{"start":{"line":13,"column":8},"end":{"line":21,"column":12}},{"start":{"line":13,"column":8},"end":{"line":35,"column":12}}]},"7":{"line":47,"type":"if","locations":[{"start":{"line":0,"column":0},"end":{"line":0,"column":0},"skip":true},{"start":{"line":0,"column":0},"end":{"line":0,"column":0},"skip":true}]},"8":{"line":47,"type":"binary-expr","locations":[{"start":{"line":0,"column":0},"end":{"line":0,"column":0},"skip":true},{"start":{"line":0,"column":0},"end":{"line":0,"column":0},"skip":true}]},"9":{"line":51,"type":"if","locations":[{"start":{"line":0,"column":0},"end":{"line":0,"column":0},"skip":true},{"start":{"line":0,"column":0},"end":{"line":0,"column":0},"skip":true}]},"10":{"line":57,"type":"if","locations":[{"start":{"line":19,"column":16},"end":{"line":19,"column":16}},{"start":{"line":19,"column":16},"end":{"line":19,"column":16}}]},"11":{"line":60,"type":"if","locations":[{"start":{"line":22,"column":16},"end":{"line":22,"column":16}},{"start":{"line":22,"column":16},"end":{"line":22,"column":16}}]},"12":{"line":60,"type":"binary-expr","locations":[{"start":{"line":22,"column":20},"end":{"line":22,"column":20}},{"start":{"line":22,"column":51},"end":{"line":22,"column":20}}]},"13":{"line":62,"type":"if","locations":[{"start":{"line":24,"column":20},"end":{"line":24,"column":20}},{"start":{"line":24,"column":20},"end":{"line":24,"column":20}}]},"14":{"line":66,"type":"if","locations":[{"start":{"line":28,"column":27},"end":{"line":28,"column":27}},{"start":{"line":28,"column":27},"end":{"line":28,"column":27}}]},"15":{"line":74,"type":"if","locations":[{"start":{"line":36,"column":16},"end":{"line":36,"column":16}},{"start":{"line":36,"column":16},"end":{"line":36,"column":16}}]},"16":{"line":79,"type":"if","locations":[{"start":{"line":41,"column":8},"end":{"line":41,"column":8}},{"start":{"line":41,"column":8},"end":{"line":41,"column":8}}]},"17":{"line":98,"type":"if","locations":[{"start":{"line":57,"column":8},"end":{"line":57,"column":8}},{"start":{"line":57,"column":8},"end":{"line":57,"column":8}}]},"18":{"line":100,"type":"if","locations":[{"start":{"line":59,"column":15},"end":{"line":59,"column":15}},{"start":{"line":59,"column":15},"end":{"line":59,"column":15}}]}}},"/Volumes/XTND/DevProjects/WebstormProjects/ng-sparql-querybuilder-example/bower_components/sparql-hollandaise/src/sparql/query.js":{"path":"/Volumes/XTND/DevProjects/WebstormProjects/ng-sparql-querybuilder-example/bower_components/sparql-hollandaise/src/sparql/query.js","s":{"1":1,"2":0,"3":0,"4":1,"5":1,"6":1,"7":21,"8":21,"9":21,"10":21,"11":21,"12":21,"13":1,"14":1,"15":1,"16":1,"17":0,"18":1,"19":1,"20":1,"21":1,"22":1,"23":1,"24":1,"25":1,"26":1,"27":1,"28":1,"29":1,"30":1,"31":1,"32":1,"33":0,"34":0,"35":0,"36":0,"37":0,"38":0,"39":0,"40":1,"41":4,"42":1,"43":2,"44":0,"45":1,"46":1,"47":2,"48":2,"49":2,"50":1,"51":0,"52":0,"53":0,"54":0,"55":0,"56":0,"57":0,"58":0,"59":0,"60":2,"61":2,"62":0,"63":0,"64":0,"65":0,"66":0,"67":0,"68":0,"69":0,"70":0,"71":0,"72":0,"73":0,"74":0,"75":3,"76":3,"77":0,"78":3,"79":0,"80":1,"81":1,"82":0,"83":1,"84":1,"85":1,"86":0,"87":1,"88":1,"89":1,"90":0,"91":1,"92":0,"93":7,"94":7,"95":7,"96":6,"97":0,"98":6,"99":0,"100":0,"101":0,"102":0,"103":0,"104":0,"105":0,"106":0,"107":0,"108":0,"109":0,"110":0,"111":0,"112":0,"113":7,"114":6,"115":1,"116":6,"117":6,"118":0,"119":6,"120":6,"121":0,"122":6,"123":6,"124":6,"125":6,"126":6,"127":6,"128":6,"129":6,"130":0,"131":0,"132":6,"133":6,"134":0,"135":6,"136":0,"137":6,"138":3,"139":0,"140":0,"141":0,"142":0,"143":0,"144":0,"145":0,"146":0,"147":0,"148":0,"149":0,"150":0,"151":0,"152":0,"153":0,"154":0,"155":1,"156":1},"b":{"1":[1,0],"2":[1,1],"3":[0,0],"4":[0,0,0],"5":[21,21],"6":[21,0],"7":[1,0],"8":[0,1],"9":[1,0],"10":[1,1],"11":[0,0],"12":[0,0],"13":[4,0],"14":[4,4],"15":[0,2],"16":[0,0],"17":[0,0],"18":[0,0],"19":[0,0],"20":[0,0],"21":[3,0],"22":[3,0],"23":[1,0],"24":[0,0],"25":[1,0],"26":[0,0],"27":[1,0],"28":[0,0],"29":[6,1],"30":[7,1],"31":[6,1],"32":[0,6],"33":[0,6],"34":[0,0],"35":[0,0],"36":[0,0],"37":[6,1],"38":[6,0],"39":[6,0],"40":[6,0],"41":[0,6],"42":[6,0],"43":[0,6],"44":[0,0],"45":[0,0],"46":[0,0],"47":[0,0]},"f":{"1":0,"2":0,"3":1,"4":1,"5":1,"6":1,"7":4,"8":2,"9":1,"10":2,"11":0,"12":0,"13":0,"14":0,"15":0,"16":2,"17":0,"18":0,"19":0,"20":0,"21":0,"22":0,"23":0,"24":3,"25":0,"26":1,"27":1,"28":1,"29":0,"30":7,"31":3,"32":0},"fnMap":{"1":{"name":"(anonymous_1)","line":3,"loc":{"start":{"line":0,"column":0},"end":{"line":0,"column":0},"skip":true},"skip":true},"2":{"name":"(anonymous_2)","line":3,"loc":{"start":{"line":0,"column":0},"end":{"line":0,"column":0},"skip":true},"skip":true},"3":{"name":"(anonymous_3)","line":5,"loc":{"start":{"line":0,"column":0},"end":{"line":0,"column":0},"skip":true},"skip":true},"4":{"name":"defineProperties","line":5,"loc":{"start":{"line":0,"column":0},"end":{"line":0,"column":0},"skip":true},"skip":true},"5":{"name":"(anonymous_5)","line":5,"loc":{"start":{"line":0,"column":0},"end":{"line":0,"column":0},"skip":true},"skip":true},"6":{"name":"_interopRequireWildcard","line":31,"loc":{"start":{"line":0,"column":0},"end":{"line":0,"column":0},"skip":true},"skip":true},"7":{"name":"_interopRequireDefault","line":33,"loc":{"start":{"line":0,"column":0},"end":{"line":0,"column":0},"skip":true},"skip":true},"8":{"name":"_classCallCheck","line":35,"loc":{"start":{"line":0,"column":0},"end":{"line":0,"column":0},"skip":true},"skip":true},"9":{"name":"(anonymous_9)","line":37,"loc":{"start":{"line":9,"column":21},"end":{"line":9,"column":21}}},"10":{"name":"Query","line":46,"loc":{"start":{"line":17,"column":4},"end":{"line":17,"column":26}}},"11":{"name":"base","line":62,"loc":{"start":{"line":0,"column":0},"end":{"line":0,"column":0},"skip":true},"skip":true},"12":{"name":"prefix","line":76,"loc":{"start":{"line":0,"column":0},"end":{"line":0,"column":0},"skip":true},"skip":true},"13":{"name":"addPrefix","line":90,"loc":{"start":{"line":0,"column":0},"end":{"line":0,"column":0},"skip":true},"skip":true},"14":{"name":"getPrefixes","line":107,"loc":{"start":{"line":0,"column":0},"end":{"line":0,"column":0},"skip":true},"skip":true},"15":{"name":"clearPrefixes","line":119,"loc":{"start":{"line":0,"column":0},"end":{"line":0,"column":0},"skip":true},"skip":true},"16":{"name":"select","line":134,"loc":{"start":{"line":0,"column":0},"end":{"line":0,"column":0},"skip":true},"skip":true},"17":{"name":"describe","line":149,"loc":{"start":{"line":0,"column":0},"end":{"line":0,"column":0},"skip":true},"skip":true},"18":{"name":"ask","line":163,"loc":{"start":{"line":0,"column":0},"end":{"line":0,"column":0},"skip":true},"skip":true},"19":{"name":"construct","line":178,"loc":{"start":{"line":0,"column":0},"end":{"line":0,"column":0},"skip":true},"skip":true},"20":{"name":"from","line":194,"loc":{"start":{"line":0,"column":0},"end":{"line":0,"column":0},"skip":true},"skip":true},"21":{"name":"(anonymous_21)","line":199,"loc":{"start":{"line":134,"column":39},"end":{"line":134,"column":52}}},"22":{"name":"getDatasetClauses","line":214,"loc":{"start":{"line":0,"column":0},"end":{"line":0,"column":0},"skip":true},"skip":true},"23":{"name":"clearDatasetClauses","line":226,"loc":{"start":{"line":0,"column":0},"end":{"line":0,"column":0},"skip":true},"skip":true},"24":{"name":"where","line":240,"loc":{"start":{"line":0,"column":0},"end":{"line":0,"column":0},"skip":true},"skip":true},"25":{"name":"getWhereClause","line":258,"loc":{"start":{"line":0,"column":0},"end":{"line":0,"column":0},"skip":true},"skip":true},"26":{"name":"order","line":272,"loc":{"start":{"line":0,"column":0},"end":{"line":0,"column":0},"skip":true},"skip":true},"27":{"name":"limit","line":291,"loc":{"start":{"line":0,"column":0},"end":{"line":0,"column":0},"skip":true},"skip":true},"28":{"name":"offset","line":310,"loc":{"start":{"line":0,"column":0},"end":{"line":0,"column":0},"skip":true},"skip":true},"29":{"name":"exec","line":328,"loc":{"start":{"line":0,"column":0},"end":{"line":0,"column":0},"skip":true},"skip":true},"30":{"name":"toString","line":342,"loc":{"start":{"line":0,"column":0},"end":{"line":0,"column":0},"skip":true},"skip":true},"31":{"name":"reset","line":436,"loc":{"start":{"line":0,"column":0},"end":{"line":0,"column":0},"skip":true},"skip":true},"32":{"name":"addArrayOrSingle","line":449,"loc":{"start":{"line":0,"column":0},"end":{"line":0,"column":0},"skip":true},"skip":true}},"statementMap":{"1":{"start":{"line":0,"column":0},"end":{"line":0,"column":0},"skip":true},"2":{"start":{"line":0,"column":0},"end":{"line":0,"column":0},"skip":true},"3":{"start":{"line":0,"column":0},"end":{"line":0,"column":0},"skip":true},"4":{"start":{"line":0,"column":0},"end":{"line":0,"column":0},"skip":true},"5":{"start":{"line":0,"column":0},"end":{"line":0,"column":0},"skip":true},"6":{"start":{"line":0,"column":0},"end":{"line":0,"column":0},"skip":true},"7":{"start":{"line":0,"column":0},"end":{"line":0,"column":0},"skip":true},"8":{"start":{"line":0,"column":0},"end":{"line":0,"column":0},"skip":true},"9":{"start":{"line":0,"column":0},"end":{"line":0,"column":0},"skip":true},"10":{"start":{"line":0,"column":0},"end":{"line":0,"column":0},"skip":true},"11":{"start":{"line":0,"column":0},"end":{"line":0,"column":0},"skip":true},"12":{"start":{"line":0,"column":0},"end":{"line":0,"column":0},"skip":true},"13":{"start":{"line":0,"column":0},"end":{"line":0,"column":0},"skip":true},"14":{"start":{"line":0,"column":0},"end":{"line":0,"column":0},"skip":true},"15":{"start":{"line":0,"column":0},"end":{"line":0,"column":0},"skip":true},"16":{"start":{"line":0,"column":0},"end":{"line":0,"column":0},"skip":true},"17":{"start":{"line":0,"column":0},"end":{"line":0,"column":0},"skip":true},"18":{"start":{"line":0,"column":0},"end":{"line":0,"column":0},"skip":true},"19":{"start":{"line":0,"column":0},"end":{"line":0,"column":0},"skip":true},"20":{"start":{"line":0,"column":0},"end":{"line":0,"column":0},"skip":true},"21":{"start":{"line":0,"column":0},"end":{"line":0,"column":0},"skip":true},"22":{"start":{"line":0,"column":0},"end":{"line":0,"column":0},"skip":true},"23":{"start":{"line":0,"column":0},"end":{"line":0,"column":0},"skip":true},"24":{"start":{"line":0,"column":0},"end":{"line":0,"column":0},"skip":true},"25":{"start":{"line":0,"column":0},"end":{"line":0,"column":0},"skip":true},"26":{"start":{"line":0,"column":0},"end":{"line":0,"column":0},"skip":true},"27":{"start":{"line":0,"column":0},"end":{"line":0,"column":0},"skip":true},"28":{"start":{"line":0,"column":0},"end":{"line":0,"column":0},"skip":true},"29":{"start":{"line":0,"column":0},"end":{"line":0,"column":0},"skip":true},"30":{"start":{"line":0,"column":0},"end":{"line":0,"column":0},"skip":true},"31":{"start":{"line":0,"column":0},"end":{"line":0,"column":0},"skip":true},"32":{"start":{"line":0,"column":0},"end":{"line":0,"column":0},"skip":true},"33":{"start":{"line":0,"column":0},"end":{"line":0,"column":0},"skip":true},"34":{"start":{"line":0,"column":0},"end":{"line":0,"column":0},"skip":true},"35":{"start":{"line":0,"column":0},"end":{"line":0,"column":0},"skip":true},"36":{"start":{"line":0,"column":0},"end":{"line":0,"column":0},"skip":true},"37":{"start":{"line":0,"column":0},"end":{"line":0,"column":0},"skip":true},"38":{"start":{"line":0,"column":0},"end":{"line":0,"column":0},"skip":true},"39":{"start":{"line":0,"column":0},"end":{"line":0,"column":0},"skip":true},"40":{"start":{"line":0,"column":0},"end":{"line":0,"column":0},"skip":true},"41":{"start":{"line":0,"column":0},"end":{"line":0,"column":0},"skip":true},"42":{"start":{"line":0,"column":0},"end":{"line":0,"column":0},"skip":true},"43":{"start":{"line":0,"column":0},"end":{"line":0,"column":0},"skip":true},"44":{"start":{"line":0,"column":0},"end":{"line":0,"column":0},"skip":true},"45":{"start":{"line":0,"column":0},"end":{"line":0,"column":0},"skip":true},"46":{"start":{"line":17,"column":4},"end":{"line":17,"column":4}},"47":{"start":{"line":0,"column":0},"end":{"line":0,"column":0},"skip":true},"48":{"start":{"line":18,"column":8},"end":{"line":17,"column":26}},"49":{"start":{"line":19,"column":8},"end":{"line":17,"column":26}},"50":{"start":{"line":0,"column":0},"end":{"line":0,"column":0},"skip":true},"51":{"start":{"line":29,"column":8},"end":{"line":28,"column":18}},"52":{"start":{"line":40,"column":8},"end":{"line":39,"column":20}},"53":{"start":{"line":41,"column":8},"end":{"line":39,"column":20}},"54":{"start":{"line":51,"column":8},"end":{"line":53,"column":15}},"55":{"start":{"line":52,"column":12},"end":{"line":51,"column":39}},"56":{"start":{"line":53,"column":15},"end":{"line":53,"column":15}},"57":{"start":{"line":54,"column":12},"end":{"line":53,"column":48}},"58":{"start":{"line":65,"column":8},"end":{"line":64,"column":18}},"59":{"start":{"line":74,"column":8},"end":{"line":73,"column":20}},"60":{"start":{"line":86,"column":8},"end":{"line":85,"column":30}},"61":{"start":{"line":87,"column":8},"end":{"line":85,"column":30}},"62":{"start":{"line":98,"column":8},"end":{"line":97,"column":22}},"63":{"start":{"line":99,"column":8},"end":{"line":97,"column":22}},"64":{"start":{"line":109,"column":8},"end":{"line":108,"column":10}},"65":{"start":{"line":110,"column":8},"end":{"line":108,"column":10}},"66":{"start":{"line":121,"column":8},"end":{"line":120,"column":23}},"67":{"start":{"line":122,"column":8},"end":{"line":120,"column":23}},"68":{"start":{"line":0,"column":0},"end":{"line":0,"column":0},"skip":true},"69":{"start":{"line":0,"column":0},"end":{"line":0,"column":0},"skip":true},"70":{"start":{"line":134,"column":8},"end":{"line":133,"column":33}},"71":{"start":{"line":135,"column":12},"end":{"line":134,"column":52}},"72":{"start":{"line":137,"column":8},"end":{"line":133,"column":33}},"73":{"start":{"line":147,"column":8},"end":{"line":146,"column":24}},"74":{"start":{"line":156,"column":8},"end":{"line":155,"column":26}},"75":{"start":{"line":167,"column":8},"end":{"line":167,"column":8}},"76":{"start":{"line":169,"column":12},"end":{"line":168,"column":50}},"77":{"start":{"line":171,"column":12},"end":{"line":170,"column":15}},"78":{"start":{"line":173,"column":8},"end":{"line":166,"column":19}},"79":{"start":{"line":183,"column":8},"end":{"line":182,"column":21}},"80":{"start":{"line":194,"column":8},"end":{"line":194,"column":8}},"81":{"start":{"line":195,"column":12},"end":{"line":194,"column":41}},"82":{"start":{"line":197,"column":12},"end":{"line":196,"column":15}},"83":{"start":{"line":199,"column":8},"end":{"line":193,"column":19}},"84":{"start":{"line":210,"column":8},"end":{"line":210,"column":8}},"85":{"start":{"line":211,"column":12},"end":{"line":210,"column":39}},"86":{"start":{"line":213,"column":12},"end":{"line":212,"column":15}},"87":{"start":{"line":215,"column":8},"end":{"line":209,"column":17}},"88":{"start":{"line":226,"column":8},"end":{"line":226,"column":8}},"89":{"start":{"line":227,"column":12},"end":{"line":226,"column":39}},"90":{"start":{"line":229,"column":12},"end":{"line":228,"column":15}},"91":{"start":{"line":231,"column":8},"end":{"line":225,"column":18}},"92":{"start":{"line":241,"column":8},"end":{"line":240,"column":11}},"93":{"start":{"line":0,"column":0},"end":{"line":0,"column":0},"skip":true},"94":{"start":{"line":252,"column":8},"end":{"line":251,"column":33}},"95":{"start":{"line":254,"column":8},"end":{"line":254,"column":8}},"96":{"start":{"line":255,"column":12},"end":{"line":255,"column":12}},"97":{"start":{"line":256,"column":16},"end":{"line":255,"column":35}},"98":{"start":{"line":259,"column":12},"end":{"line":259,"column":12}},"99":{"start":{"line":0,"column":0},"end":{"line":0,"column":0},"skip":true},"100":{"start":{"line":0,"column":0},"end":{"line":0,"column":0},"skip":true},"101":{"start":{"line":0,"column":0},"end":{"line":0,"column":0},"skip":true},"102":{"start":{"line":0,"column":0},"end":{"line":0,"column":0},"skip":true},"103":{"start":{"line":260,"column":16},"end":{"line":260,"column":16}},"104":{"start":{"line":0,"column":0},"end":{"line":0,"column":0},"skip":true},"105":{"start":{"line":261,"column":20},"end":{"line":260,"column":58}},"106":{"start":{"line":0,"column":0},"end":{"line":0,"column":0},"skip":true},"107":{"start":{"line":0,"column":0},"end":{"line":0,"column":0},"skip":true},"108":{"start":{"line":0,"column":0},"end":{"line":0,"column":0},"skip":true},"109":{"start":{"line":0,"column":0},"end":{"line":0,"column":0},"skip":true},"110":{"start":{"line":0,"column":0},"end":{"line":0,"column":0},"skip":true},"111":{"start":{"line":0,"column":0},"end":{"line":0,"column":0},"skip":true},"112":{"start":{"line":0,"column":0},"end":{"line":0,"column":0},"skip":true},"113":{"start":{"line":266,"column":8},"end":{"line":266,"column":8}},"114":{"start":{"line":267,"column":12},"end":{"line":266,"column":32}},"115":{"start":{"line":269,"column":12},"end":{"line":268,"column":15}},"116":{"start":{"line":272,"column":8},"end":{"line":272,"column":8}},"117":{"start":{"line":273,"column":12},"end":{"line":272,"column":55}},"118":{"start":{"line":275,"column":12},"end":{"line":274,"column":15}},"119":{"start":{"line":278,"column":8},"end":{"line":278,"column":8}},"120":{"start":{"line":279,"column":12},"end":{"line":278,"column":38}},"121":{"start":{"line":281,"column":12},"end":{"line":280,"column":15}},"122":{"start":{"line":284,"column":8},"end":{"line":284,"column":8}},"123":{"start":{"line":0,"column":0},"end":{"line":0,"column":0},"skip":true},"124":{"start":{"line":0,"column":0},"end":{"line":0,"column":0},"skip":true},"125":{"start":{"line":0,"column":0},"end":{"line":0,"column":0},"skip":true},"126":{"start":{"line":0,"column":0},"end":{"line":0,"column":0},"skip":true},"127":{"start":{"line":285,"column":12},"end":{"line":285,"column":12}},"128":{"start":{"line":0,"column":0},"end":{"line":0,"column":0},"skip":true},"129":{"start":{"line":286,"column":16},"end":{"line":285,"column":60}},"130":{"start":{"line":0,"column":0},"end":{"line":0,"column":0},"skip":true},"131":{"start":{"line":0,"column":0},"end":{"line":0,"column":0},"skip":true},"132":{"start":{"line":0,"column":0},"end":{"line":0,"column":0},"skip":true},"133":{"start":{"line":0,"column":0},"end":{"line":0,"column":0},"skip":true},"134":{"start":{"line":0,"column":0},"end":{"line":0,"column":0},"skip":true},"135":{"start":{"line":0,"column":0},"end":{"line":0,"column":0},"skip":true},"136":{"start":{"line":0,"column":0},"end":{"line":0,"column":0},"skip":true},"137":{"start":{"line":290,"column":8},"end":{"line":251,"column":33}},"138":{"start":{"line":299,"column":8},"end":{"line":298,"column":12}},"139":{"start":{"line":311,"column":8},"end":{"line":311,"column":8}},"140":{"start":{"line":0,"column":0},"end":{"line":0,"column":0},"skip":true},"141":{"start":{"line":0,"column":0},"end":{"line":0,"column":0},"skip":true},"142":{"start":{"line":0,"column":0},"end":{"line":0,"column":0},"skip":true},"143":{"start":{"line":0,"column":0},"end":{"line":0,"column":0},"skip":true},"144":{"start":{"line":312,"column":12},"end":{"line":312,"column":12}},"145":{"start":{"line":0,"column":0},"end":{"line":0,"column":0},"skip":true},"146":{"start":{"line":313,"column":16},"end":{"line":312,"column":41}},"147":{"start":{"line":0,"column":0},"end":{"line":0,"column":0},"skip":true},"148":{"start":{"line":0,"column":0},"end":{"line":0,"column":0},"skip":true},"149":{"start":{"line":0,"column":0},"end":{"line":0,"column":0},"skip":true},"150":{"start":{"line":0,"column":0},"end":{"line":0,"column":0},"skip":true},"151":{"start":{"line":0,"column":0},"end":{"line":0,"column":0},"skip":true},"152":{"start":{"line":0,"column":0},"end":{"line":0,"column":0},"skip":true},"153":{"start":{"line":0,"column":0},"end":{"line":0,"column":0},"skip":true},"154":{"start":{"line":316,"column":12},"end":{"line":315,"column":15}},"155":{"start":{"line":0,"column":0},"end":{"line":0,"column":0},"skip":true},"156":{"start":{"line":0,"column":0},"end":{"line":0,"column":0},"skip":true}},"branchMap":{"1":{"line":3,"type":"cond-expr","locations":[{"start":{"line":0,"column":0},"end":{"line":0,"column":0},"skip":true},{"start":{"line":0,"column":0},"end":{"line":0,"column":0},"skip":true}]},"2":{"line":3,"type":"binary-expr","locations":[{"start":{"line":0,"column":0},"end":{"line":0,"column":0},"skip":true},{"start":{"line":0,"column":0},"end":{"line":0,"column":0},"skip":true}]},"3":{"line":3,"type":"cond-expr","locations":[{"start":{"line":0,"column":0},"end":{"line":0,"column":0},"skip":true},{"start":{"line":0,"column":0},"end":{"line":0,"column":0},"skip":true}]},"4":{"line":3,"type":"binary-expr","locations":[{"start":{"line":0,"column":0},"end":{"line":0,"column":0},"skip":true},{"start":{"line":0,"column":0},"end":{"line":0,"column":0},"skip":true},{"start":{"line":0,"column":0},"end":{"line":0,"column":0},"skip":true}]},"5":{"line":5,"type":"binary-expr","locations":[{"start":{"line":0,"column":0},"end":{"line":0,"column":0},"skip":true},{"start":{"line":0,"column":0},"end":{"line":0,"column":0},"skip":true}]},"6":{"line":5,"type":"if","locations":[{"start":{"line":0,"column":0},"end":{"line":0,"column":0},"skip":true},{"start":{"line":0,"column":0},"end":{"line":0,"column":0},"skip":true}]},"7":{"line":5,"type":"if","locations":[{"start":{"line":0,"column":0},"end":{"line":0,"column":0},"skip":true},{"start":{"line":0,"column":0},"end":{"line":0,"column":0},"skip":true}]},"8":{"line":5,"type":"if","locations":[{"start":{"line":0,"column":0},"end":{"line":0,"column":0},"skip":true},{"start":{"line":0,"column":0},"end":{"line":0,"column":0},"skip":true}]},"9":{"line":31,"type":"if","locations":[{"start":{"line":0,"column":0},"end":{"line":0,"column":0},"skip":true},{"start":{"line":0,"column":0},"end":{"line":0,"column":0},"skip":true}]},"10":{"line":31,"type":"binary-expr","locations":[{"start":{"line":0,"column":0},"end":{"line":0,"column":0},"skip":true},{"start":{"line":0,"column":0},"end":{"line":0,"column":0},"skip":true}]},"11":{"line":31,"type":"if","locations":[{"start":{"line":0,"column":0},"end":{"line":0,"column":0},"skip":true},{"start":{"line":0,"column":0},"end":{"line":0,"column":0},"skip":true}]},"12":{"line":31,"type":"if","locations":[{"start":{"line":0,"column":0},"end":{"line":0,"column":0},"skip":true},{"start":{"line":0,"column":0},"end":{"line":0,"column":0},"skip":true}]},"13":{"line":33,"type":"cond-expr","locations":[{"start":{"line":0,"column":0},"end":{"line":0,"column":0},"skip":true},{"start":{"line":0,"column":0},"end":{"line":0,"column":0},"skip":true}]},"14":{"line":33,"type":"binary-expr","locations":[{"start":{"line":0,"column":0},"end":{"line":0,"column":0},"skip":true},{"start":{"line":0,"column":0},"end":{"line":0,"column":0},"skip":true}]},"15":{"line":35,"type":"if","locations":[{"start":{"line":0,"column":0},"end":{"line":0,"column":0},"skip":true},{"start":{"line":0,"column":0},"end":{"line":0,"column":0},"skip":true}]},"16":{"line":91,"type":"if","locations":[{"start":{"line":51,"column":8},"end":{"line":51,"column":8}},{"start":{"line":51,"column":8},"end":{"line":51,"column":8}}]},"17":{"line":93,"type":"if","locations":[{"start":{"line":53,"column":15},"end":{"line":53,"column":15}},{"start":{"line":53,"column":15},"end":{"line":53,"column":15}}]},"18":{"line":197,"type":"cond-expr","locations":[{"start":{"line":133,"column":26},"end":{"line":133,"column":26}},{"start":{"line":133,"column":26},"end":{"line":133,"column":26}}]},"19":{"line":197,"type":"binary-expr","locations":[{"start":{"line":133,"column":18},"end":{"line":133,"column":18}},{"start":{"line":133,"column":18},"end":{"line":133,"column":18}}]},"20":{"line":200,"type":"cond-expr","locations":[{"start":{"line":135,"column":59},"end":{"line":135,"column":51}},{"start":{"line":135,"column":70},"end":{"line":135,"column":51}}]},"21":{"line":241,"type":"if","locations":[{"start":{"line":167,"column":8},"end":{"line":167,"column":8}},{"start":{"line":167,"column":8},"end":{"line":167,"column":8}}]},"22":{"line":241,"type":"binary-expr","locations":[{"start":{"line":167,"column":12},"end":{"line":167,"column":12}},{"start":{"line":168,"column":12},"end":{"line":167,"column":12}}]},"23":{"line":273,"type":"if","locations":[{"start":{"line":194,"column":8},"end":{"line":194,"column":8}},{"start":{"line":194,"column":8},"end":{"line":194,"column":8}}]},"24":{"line":276,"type":"cond-expr","locations":[{"start":{"line":197,"column":76},"end":{"line":197,"column":76}},{"start":{"line":197,"column":76},"end":{"line":197,"column":76}}]},"25":{"line":292,"type":"if","locations":[{"start":{"line":210,"column":8},"end":{"line":210,"column":8}},{"start":{"line":210,"column":8},"end":{"line":210,"column":8}}]},"26":{"line":295,"type":"cond-expr","locations":[{"start":{"line":213,"column":76},"end":{"line":213,"column":76}},{"start":{"line":213,"column":76},"end":{"line":213,"column":76}}]},"27":{"line":311,"type":"if","locations":[{"start":{"line":226,"column":8},"end":{"line":226,"column":8}},{"start":{"line":226,"column":8},"end":{"line":226,"column":8}}]},"28":{"line":314,"type":"cond-expr","locations":[{"start":{"line":229,"column":77},"end":{"line":229,"column":77}},{"start":{"line":229,"column":77},"end":{"line":229,"column":77}}]},"29":{"line":343,"type":"cond-expr","locations":[{"start":{"line":251,"column":26},"end":{"line":251,"column":26}},{"start":{"line":251,"column":26},"end":{"line":251,"column":26}}]},"30":{"line":343,"type":"binary-expr","locations":[{"start":{"line":251,"column":13},"end":{"line":251,"column":13}},{"start":{"line":251,"column":13},"end":{"line":251,"column":13}}]},"31":{"line":347,"type":"if","locations":[{"start":{"line":254,"column":8},"end":{"line":254,"column":8}},{"start":{"line":254,"column":8},"end":{"line":254,"column":8}}]},"32":{"line":348,"type":"if","locations":[{"start":{"line":255,"column":12},"end":{"line":255,"column":12}},{"start":{"line":255,"column":12},"end":{"line":255,"column":12}}]},"33":{"line":352,"type":"if","locations":[{"start":{"line":259,"column":12},"end":{"line":259,"column":12}},{"start":{"line":259,"column":12},"end":{"line":259,"column":12}}]},"34":{"line":368,"type":"if","locations":[{"start":{"line":0,"column":0},"end":{"line":0,"column":0},"skip":true},{"start":{"line":0,"column":0},"end":{"line":0,"column":0},"skip":true}]},"35":{"line":368,"type":"binary-expr","locations":[{"start":{"line":0,"column":0},"end":{"line":0,"column":0},"skip":true},{"start":{"line":0,"column":0},"end":{"line":0,"column":0},"skip":true}]},"36":{"line":372,"type":"if","locations":[{"start":{"line":0,"column":0},"end":{"line":0,"column":0},"skip":true},{"start":{"line":0,"column":0},"end":{"line":0,"column":0},"skip":true}]},"37":{"line":380,"type":"if","locations":[{"start":{"line":266,"column":8},"end":{"line":266,"column":8}},{"start":{"line":266,"column":8},"end":{"line":266,"column":8}}]},"38":{"line":386,"type":"if","locations":[{"start":{"line":272,"column":8},"end":{"line":272,"column":8}},{"start":{"line":272,"column":8},"end":{"line":272,"column":8}}]},"39":{"line":392,"type":"if","locations":[{"start":{"line":278,"column":8},"end":{"line":278,"column":8}},{"start":{"line":278,"column":8},"end":{"line":278,"column":8}}]},"40":{"line":398,"type":"if","locations":[{"start":{"line":284,"column":8},"end":{"line":284,"column":8}},{"start":{"line":284,"column":8},"end":{"line":284,"column":8}}]},"41":{"line":414,"type":"if","locations":[{"start":{"line":0,"column":0},"end":{"line":0,"column":0},"skip":true},{"start":{"line":0,"column":0},"end":{"line":0,"column":0},"skip":true}]},"42":{"line":414,"type":"binary-expr","locations":[{"start":{"line":0,"column":0},"end":{"line":0,"column":0},"skip":true},{"start":{"line":0,"column":0},"end":{"line":0,"column":0},"skip":true}]},"43":{"line":418,"type":"if","locations":[{"start":{"line":0,"column":0},"end":{"line":0,"column":0},"skip":true},{"start":{"line":0,"column":0},"end":{"line":0,"column":0},"skip":true}]},"44":{"line":450,"type":"if","locations":[{"start":{"line":311,"column":8},"end":{"line":311,"column":8}},{"start":{"line":311,"column":8},"end":{"line":311,"column":8}}]},"45":{"line":466,"type":"if","locations":[{"start":{"line":0,"column":0},"end":{"line":0,"column":0},"skip":true},{"start":{"line":0,"column":0},"end":{"line":0,"column":0},"skip":true}]},"46":{"line":466,"type":"binary-expr","locations":[{"start":{"line":0,"column":0},"end":{"line":0,"column":0},"skip":true},{"start":{"line":0,"column":0},"end":{"line":0,"column":0},"skip":true}]},"47":{"line":470,"type":"if","locations":[{"start":{"line":0,"column":0},"end":{"line":0,"column":0},"skip":true},{"start":{"line":0,"column":0},"end":{"line":0,"column":0},"skip":true}]}}},"/Volumes/XTND/DevProjects/WebstormProjects/ng-sparql-querybuilder-example/bower_components/sparql-hollandaise/src/sparql/transport.js":{"path":"/Volumes/XTND/DevProjects/WebstormProjects/ng-sparql-querybuilder-example/bower_components/sparql-hollandaise/src/sparql/transport.js","s":{"1":1,"2":1,"3":1,"4":1,"5":1,"6":1,"7":1,"8":1,"9":1,"10":1,"11":1,"12":1,"13":1,"14":0,"15":1,"16":1,"17":1,"18":1,"19":1,"20":1,"21":1,"22":2,"23":0,"24":1,"25":1,"26":1,"27":2,"28":2,"29":1,"30":0,"31":0,"32":0,"33":0,"34":0,"35":0,"36":0,"37":0,"38":0,"39":0,"40":0,"41":0,"42":0,"43":0,"44":0,"45":0,"46":1,"47":1},"b":{"1":[1,1],"2":[1,0],"3":[1,0],"4":[0,1],"5":[1,0],"6":[1,1],"7":[0,2],"8":[0,0]},"f":{"1":1,"2":1,"3":1,"4":1,"5":2,"6":1,"7":2,"8":0,"9":0,"10":0,"11":0,"12":0,"13":0,"14":0},"fnMap":{"1":{"name":"(anonymous_1)","line":3,"loc":{"start":{"line":0,"column":0},"end":{"line":0,"column":0},"skip":true},"skip":true},"2":{"name":"defineProperties","line":3,"loc":{"start":{"line":0,"column":0},"end":{"line":0,"column":0},"skip":true},"skip":true},"3":{"name":"(anonymous_3)","line":3,"loc":{"start":{"line":0,"column":0},"end":{"line":0,"column":0},"skip":true},"skip":true},"4":{"name":"_interopRequireDefault","line":13,"loc":{"start":{"line":0,"column":0},"end":{"line":0,"column":0},"skip":true},"skip":true},"5":{"name":"_classCallCheck","line":15,"loc":{"start":{"line":0,"column":0},"end":{"line":0,"column":0},"skip":true},"skip":true},"6":{"name":"(anonymous_6)","line":21,"loc":{"start":{"line":9,"column":21},"end":{"line":9,"column":21}}},"7":{"name":"Transport","line":30,"loc":{"start":{"line":17,"column":4},"end":{"line":17,"column":26}}},"8":{"name":"submit","line":46,"loc":{"start":{"line":0,"column":0},"end":{"line":0,"column":0},"skip":true},"skip":true},"9":{"name":"(anonymous_9)","line":48,"loc":{"start":{"line":30,"column":27},"end":{"line":30,"column":54}}},"10":{"name":"(anonymous_10)","line":62,"loc":{"start":{"line":43,"column":23},"end":{"line":43,"column":43}}},"11":{"name":"(anonymous_11)","line":64,"loc":{"start":{"line":45,"column":44},"end":{"line":45,"column":61}}},"12":{"name":"(anonymous_12)","line":67,"loc":{"start":{"line":48,"column":43},"end":{"line":48,"column":55}}},"13":{"name":"(anonymous_13)","line":80,"loc":{"start":{"line":62,"column":18},"end":{"line":62,"column":34}}},"14":{"name":"(anonymous_14)","line":83,"loc":{"start":{"line":66,"column":19},"end":{"line":66,"column":34}}}},"statementMap":{"1":{"start":{"line":0,"column":0},"end":{"line":0,"column":0},"skip":true},"2":{"start":{"line":0,"column":0},"end":{"line":0,"column":0},"skip":true},"3":{"start":{"line":0,"column":0},"end":{"line":0,"column":0},"skip":true},"4":{"start":{"line":0,"column":0},"end":{"line":0,"column":0},"skip":true},"5":{"start":{"line":0,"column":0},"end":{"line":0,"column":0},"skip":true},"6":{"start":{"line":0,"column":0},"end":{"line":0,"column":0},"skip":true},"7":{"start":{"line":0,"column":0},"end":{"line":0,"column":0},"skip":true},"8":{"start":{"line":0,"column":0},"end":{"line":0,"column":0},"skip":true},"9":{"start":{"line":0,"column":0},"end":{"line":0,"column":0},"skip":true},"10":{"start":{"line":0,"column":0},"end":{"line":0,"column":0},"skip":true},"11":{"start":{"line":0,"column":0},"end":{"line":0,"column":0},"skip":true},"12":{"start":{"line":0,"column":0},"end":{"line":0,"column":0},"skip":true},"13":{"start":{"line":0,"column":0},"end":{"line":0,"column":0},"skip":true},"14":{"start":{"line":0,"column":0},"end":{"line":0,"column":0},"skip":true},"15":{"start":{"line":0,"column":0},"end":{"line":0,"column":0},"skip":true},"16":{"start":{"line":0,"column":0},"end":{"line":0,"column":0},"skip":true},"17":{"start":{"line":0,"column":0},"end":{"line":0,"column":0},"skip":true},"18":{"start":{"line":0,"column":0},"end":{"line":0,"column":0},"skip":true},"19":{"start":{"line":0,"column":0},"end":{"line":0,"column":0},"skip":true},"20":{"start":{"line":0,"column":0},"end":{"line":0,"column":0},"skip":true},"21":{"start":{"line":0,"column":0},"end":{"line":0,"column":0},"skip":true},"22":{"start":{"line":0,"column":0},"end":{"line":0,"column":0},"skip":true},"23":{"start":{"line":0,"column":0},"end":{"line":0,"column":0},"skip":true},"24":{"start":{"line":3,"column":0},"end":{"line":5,"column":4}},"25":{"start":{"line":0,"column":0},"end":{"line":0,"column":0},"skip":true},"26":{"start":{"line":17,"column":4},"end":{"line":17,"column":4}},"27":{"start":{"line":0,"column":0},"end":{"line":0,"column":0},"skip":true},"28":{"start":{"line":18,"column":8},"end":{"line":17,"column":26}},"29":{"start":{"line":0,"column":0},"end":{"line":0,"column":0},"skip":true},"30":{"start":{"line":29,"column":8},"end":{"line":28,"column":24}},"31":{"start":{"line":30,"column":8},"end":{"line":28,"column":24}},"32":{"start":{"line":31,"column":16},"end":{"line":30,"column":54}},"33":{"start":{"line":44,"column":24},"end":{"line":43,"column":43}},"34":{"start":{"line":45,"column":24},"end":{"line":43,"column":43}},"35":{"start":{"line":46,"column":28},"end":{"line":45,"column":61}},"36":{"start":{"line":48,"column":24},"end":{"line":43,"column":43}},"37":{"start":{"line":49,"column":28},"end":{"line":49,"column":28}},"38":{"start":{"line":50,"column":32},"end":{"line":49,"column":61}},"39":{"start":{"line":52,"column":32},"end":{"line":51,"column":35}},"40":{"start":{"line":57,"column":16},"end":{"line":30,"column":54}},"41":{"start":{"line":59,"column":16},"end":{"line":30,"column":54}},"42":{"start":{"line":60,"column":16},"end":{"line":30,"column":54}},"43":{"start":{"line":63,"column":16},"end":{"line":62,"column":34}},"44":{"start":{"line":64,"column":16},"end":{"line":62,"column":34}},"45":{"start":{"line":67,"column":16},"end":{"line":66,"column":34}},"46":{"start":{"line":0,"column":0},"end":{"line":0,"column":0},"skip":true},"47":{"start":{"line":0,"column":0},"end":{"line":0,"column":0},"skip":true}},"branchMap":{"1":{"line":3,"type":"binary-expr","locations":[{"start":{"line":0,"column":0},"end":{"line":0,"column":0},"skip":true},{"start":{"line":0,"column":0},"end":{"line":0,"column":0},"skip":true}]},"2":{"line":3,"type":"if","locations":[{"start":{"line":0,"column":0},"end":{"line":0,"column":0},"skip":true},{"start":{"line":0,"column":0},"end":{"line":0,"column":0},"skip":true}]},"3":{"line":3,"type":"if","locations":[{"start":{"line":0,"column":0},"end":{"line":0,"column":0},"skip":true},{"start":{"line":0,"column":0},"end":{"line":0,"column":0},"skip":true}]},"4":{"line":3,"type":"if","locations":[{"start":{"line":0,"column":0},"end":{"line":0,"column":0},"skip":true},{"start":{"line":0,"column":0},"end":{"line":0,"column":0},"skip":true}]},"5":{"line":13,"type":"cond-expr","locations":[{"start":{"line":0,"column":0},"end":{"line":0,"column":0},"skip":true},{"start":{"line":0,"column":0},"end":{"line":0,"column":0},"skip":true}]},"6":{"line":13,"type":"binary-expr","locations":[{"start":{"line":0,"column":0},"end":{"line":0,"column":0},"skip":true},{"start":{"line":0,"column":0},"end":{"line":0,"column":0},"skip":true}]},"7":{"line":15,"type":"if","locations":[{"start":{"line":0,"column":0},"end":{"line":0,"column":0},"skip":true},{"start":{"line":0,"column":0},"end":{"line":0,"column":0},"skip":true}]},"8":{"line":68,"type":"if","locations":[{"start":{"line":49,"column":28},"end":{"line":49,"column":28}},{"start":{"line":49,"column":28},"end":{"line":49,"column":28}}]}}},"/Volumes/XTND/DevProjects/WebstormProjects/ng-sparql-querybuilder-example/bower_components/sparql-hollandaise/src/sparql/result.js":{"path":"/Volumes/XTND/DevProjects/WebstormProjects/ng-sparql-querybuilder-example/bower_components/sparql-hollandaise/src/sparql/result.js","s":{"1":1,"2":1,"3":2,"4":0,"5":1,"6":2,"7":2,"8":1,"9":1,"10":1,"11":2,"12":1,"13":1},"b":{"1":[0,2],"2":[1,1],"3":[1,1]},"f":{"1":2,"2":2},"fnMap":{"1":{"name":"_classCallCheck","line":7,"loc":{"start":{"line":0,"column":0},"end":{"line":0,"column":0},"skip":true},"skip":true},"2":{"name":"Result","line":17,"loc":{"start":{"line":11,"column":4},"end":{"line":11,"column":22}}}},"statementMap":{"1":{"start":{"line":0,"column":0},"end":{"line":0,"column":0},"skip":true},"2":{"start":{"line":0,"column":0},"end":{"line":0,"column":0},"skip":true},"3":{"start":{"line":0,"column":0},"end":{"line":0,"column":0},"skip":true},"4":{"start":{"line":0,"column":0},"end":{"line":0,"column":0},"skip":true},"5":{"start":{"line":0,"column":0},"end":{"line":0,"column":0},"skip":true},"6":{"start":{"line":0,"column":0},"end":{"line":0,"column":0},"skip":true},"7":{"start":{"line":12,"column":8},"end":{"line":12,"column":8}},"8":{"start":{"line":13,"column":12},"end":{"line":12,"column":26}},"9":{"start":{"line":14,"column":12},"end":{"line":12,"column":26}},"10":{"start":{"line":15,"column":12},"end":{"line":12,"column":26}},"11":{"start":{"line":17,"column":8},"end":{"line":17,"column":8}},"12":{"start":{"line":18,"column":12},"end":{"line":17,"column":26}},"13":{"start":{"line":0,"column":0},"end":{"line":0,"column":0},"skip":true}},"branchMap":{"1":{"line":7,"type":"if","locations":[{"start":{"line":0,"column":0},"end":{"line":0,"column":0},"skip":true},{"start":{"line":0,"column":0},"end":{"line":0,"column":0},"skip":true}]},"2":{"line":20,"type":"if","locations":[{"start":{"line":12,"column":8},"end":{"line":12,"column":8}},{"start":{"line":12,"column":8},"end":{"line":12,"column":8}}]},"3":{"line":25,"type":"if","locations":[{"start":{"line":17,"column":8},"end":{"line":17,"column":8}},{"start":{"line":17,"column":8},"end":{"line":17,"column":8}}]}}},"/Volumes/XTND/DevProjects/WebstormProjects/ng-sparql-querybuilder-example/bower_components/sparql-hollandaise/src/sparql/prefix.js":{"path":"/Volumes/XTND/DevProjects/WebstormProjects/ng-sparql-querybuilder-example/bower_components/sparql-hollandaise/src/sparql/prefix.js","s":{"1":1,"2":1,"3":1,"4":1,"5":1,"6":1,"7":1,"8":1,"9":1,"10":1,"11":1,"12":1,"13":1,"14":0,"15":1,"16":1,"17":1,"18":1,"19":1,"20":1,"21":1,"22":3,"23":0,"24":1,"25":1,"26":3,"27":3,"28":3,"29":3,"30":3,"31":1,"32":1,"33":0,"34":2,"35":1,"36":3,"37":1,"38":1},"b":{"1":[1,1],"2":[1,0],"3":[1,0],"4":[0,1],"5":[1,0],"6":[1,1],"7":[0,3],"8":[3,0],"9":[3,0],"10":[3,0],"11":[1,2],"12":[1,0]},"f":{"1":1,"2":1,"3":1,"4":1,"5":3,"6":1,"7":3,"8":3},"fnMap":{"1":{"name":"(anonymous_1)","line":3,"loc":{"start":{"line":0,"column":0},"end":{"line":0,"column":0},"skip":true},"skip":true},"2":{"name":"defineProperties","line":3,"loc":{"start":{"line":0,"column":0},"end":{"line":0,"column":0},"skip":true},"skip":true},"3":{"name":"(anonymous_3)","line":3,"loc":{"start":{"line":0,"column":0},"end":{"line":0,"column":0},"skip":true},"skip":true},"4":{"name":"_interopRequireDefault","line":13,"loc":{"start":{"line":0,"column":0},"end":{"line":0,"column":0},"skip":true},"skip":true},"5":{"name":"_classCallCheck","line":15,"loc":{"start":{"line":0,"column":0},"end":{"line":0,"column":0},"skip":true},"skip":true},"6":{"name":"(anonymous_6)","line":17,"loc":{"start":{"line":5,"column":21},"end":{"line":5,"column":21}}},"7":{"name":"Prefix","line":27,"loc":{"start":{"line":14,"column":4},"end":{"line":14,"column":43}}},"8":{"name":"toString","line":55,"loc":{"start":{"line":0,"column":0},"end":{"line":0,"column":0},"skip":true},"skip":true}},"statementMap":{"1":{"start":{"line":0,"column":0},"end":{"line":0,"column":0},"skip":true},"2":{"start":{"line":0,"column":0},"end":{"line":0,"column":0},"skip":true},"3":{"start":{"line":0,"column":0},"end":{"line":0,"column":0},"skip":true},"4":{"start":{"line":0,"column":0},"end":{"line":0,"column":0},"skip":true},"5":{"start":{"line":0,"column":0},"end":{"line":0,"column":0},"skip":true},"6":{"start":{"line":0,"column":0},"end":{"line":0,"column":0},"skip":true},"7":{"start":{"line":0,"column":0},"end":{"line":0,"column":0},"skip":true},"8":{"start":{"line":0,"column":0},"end":{"line":0,"column":0},"skip":true},"9":{"start":{"line":0,"column":0},"end":{"line":0,"column":0},"skip":true},"10":{"start":{"line":0,"column":0},"end":{"line":0,"column":0},"skip":true},"11":{"start":{"line":0,"column":0},"end":{"line":0,"column":0},"skip":true},"12":{"start":{"line":0,"column":0},"end":{"line":0,"column":0},"skip":true},"13":{"start":{"line":0,"column":0},"end":{"line":0,"column":0},"skip":true},"14":{"start":{"line":0,"column":0},"end":{"line":0,"column":0},"skip":true},"15":{"start":{"line":0,"column":0},"end":{"line":0,"column":0},"skip":true},"16":{"start":{"line":0,"column":0},"end":{"line":0,"column":0},"skip":true},"17":{"start":{"line":0,"column":0},"end":{"line":0,"column":0},"skip":true},"18":{"start":{"line":0,"column":0},"end":{"line":0,"column":0},"skip":true},"19":{"start":{"line":0,"column":0},"end":{"line":0,"column":0},"skip":true},"20":{"start":{"line":0,"column":0},"end":{"line":0,"column":0},"skip":true},"21":{"start":{"line":0,"column":0},"end":{"line":0,"column":0},"skip":true},"22":{"start":{"line":0,"column":0},"end":{"line":0,"column":0},"skip":true},"23":{"start":{"line":0,"column":0},"end":{"line":0,"column":0},"skip":true},"24":{"start":{"line":0,"column":0},"end":{"line":0,"column":0},"skip":true},"25":{"start":{"line":14,"column":4},"end":{"line":14,"column":4}},"26":{"start":{"line":0,"column":0},"end":{"line":0,"column":0},"skip":true},"27":{"start":{"line":0,"column":0},"end":{"line":0,"column":0},"skip":true},"28":{"start":{"line":15,"column":8},"end":{"line":15,"column":8}},"29":{"start":{"line":16,"column":12},"end":{"line":15,"column":34}},"30":{"start":{"line":18,"column":8},"end":{"line":18,"column":8}},"31":{"start":{"line":19,"column":12},"end":{"line":19,"column":12}},"32":{"start":{"line":20,"column":16},"end":{"line":19,"column":51}},"33":{"start":{"line":22,"column":16},"end":{"line":21,"column":19}},"34":{"start":{"line":25,"column":12},"end":{"line":24,"column":15}},"35":{"start":{"line":0,"column":0},"end":{"line":0,"column":0},"skip":true},"36":{"start":{"line":36,"column":8},"end":{"line":35,"column":15}},"37":{"start":{"line":0,"column":0},"end":{"line":0,"column":0},"skip":true},"38":{"start":{"line":0,"column":0},"end":{"line":0,"column":0},"skip":true}},"branchMap":{"1":{"line":3,"type":"binary-expr","locations":[{"start":{"line":0,"column":0},"end":{"line":0,"column":0},"skip":true},{"start":{"line":0,"column":0},"end":{"line":0,"column":0},"skip":true}]},"2":{"line":3,"type":"if","locations":[{"start":{"line":0,"column":0},"end":{"line":0,"column":0},"skip":true},{"start":{"line":0,"column":0},"end":{"line":0,"column":0},"skip":true}]},"3":{"line":3,"type":"if","locations":[{"start":{"line":0,"column":0},"end":{"line":0,"column":0},"skip":true},{"start":{"line":0,"column":0},"end":{"line":0,"column":0},"skip":true}]},"4":{"line":3,"type":"if","locations":[{"start":{"line":0,"column":0},"end":{"line":0,"column":0},"skip":true},{"start":{"line":0,"column":0},"end":{"line":0,"column":0},"skip":true}]},"5":{"line":13,"type":"cond-expr","locations":[{"start":{"line":0,"column":0},"end":{"line":0,"column":0},"skip":true},{"start":{"line":0,"column":0},"end":{"line":0,"column":0},"skip":true}]},"6":{"line":13,"type":"binary-expr","locations":[{"start":{"line":0,"column":0},"end":{"line":0,"column":0},"skip":true},{"start":{"line":0,"column":0},"end":{"line":0,"column":0},"skip":true}]},"7":{"line":15,"type":"if","locations":[{"start":{"line":0,"column":0},"end":{"line":0,"column":0},"skip":true},{"start":{"line":0,"column":0},"end":{"line":0,"column":0},"skip":true}]},"8":{"line":28,"type":"cond-expr","locations":[{"start":{"line":14,"column":37},"end":{"line":14,"column":37}},{"start":{"line":14,"column":37},"end":{"line":14,"column":37}}]},"9":{"line":28,"type":"binary-expr","locations":[{"start":{"line":14,"column":23},"end":{"line":14,"column":23}},{"start":{"line":14,"column":23},"end":{"line":14,"column":23}}]},"10":{"line":32,"type":"if","locations":[{"start":{"line":15,"column":8},"end":{"line":15,"column":8}},{"start":{"line":15,"column":8},"end":{"line":15,"column":8}}]},"11":{"line":35,"type":"if","locations":[{"start":{"line":18,"column":8},"end":{"line":18,"column":8}},{"start":{"line":18,"column":8},"end":{"line":18,"column":8}}]},"12":{"line":36,"type":"if","locations":[{"start":{"line":19,"column":12},"end":{"line":19,"column":12}},{"start":{"line":19,"column":12},"end":{"line":19,"column":12}}]}}},"/Volumes/XTND/DevProjects/WebstormProjects/ng-sparql-querybuilder-example/bower_components/sparql-hollandaise/src/sparql/prefix-index.js":{"path":"/Volumes/XTND/DevProjects/WebstormProjects/ng-sparql-querybuilder-example/bower_components/sparql-hollandaise/src/sparql/prefix-index.js","s":{"1":1,"2":1,"3":1},"b":{},"f":{},"fnMap":{},"statementMap":{"1":{"start":{"line":0,"column":0},"end":{"line":0,"column":0},"skip":true},"2":{"start":{"line":3,"column":0},"end":{"line":3,"column":6}},"3":{"start":{"line":0,"column":0},"end":{"line":0,"column":0},"skip":true}},"branchMap":{}},"/Volumes/XTND/DevProjects/WebstormProjects/ng-sparql-querybuilder-example/bower_components/sparql-hollandaise/src/sparql/group-graph-pattern.js":{"path":"/Volumes/XTND/DevProjects/WebstormProjects/ng-sparql-querybuilder-example/bower_components/sparql-hollandaise/src/sparql/group-graph-pattern.js","s":{"1":1,"2":1,"3":1,"4":1,"5":1,"6":1,"7":3,"8":0,"9":1,"10":3,"11":0,"12":3,"13":1,"14":1,"15":0,"16":1,"17":1,"18":1,"19":1,"20":1,"21":1,"22":3,"23":3,"24":1,"25":1},"b":{"1":[1,0],"2":[1,1],"3":[0,3],"4":[0,3],"5":[0,3],"6":[3,0,0],"7":[0,1],"8":[1,0],"9":[1,1],"10":[1,0],"11":[1,0]},"f":{"1":1,"2":3,"3":3,"4":1,"5":1,"6":3},"fnMap":{"1":{"name":"_interopRequireDefault","line":11,"loc":{"start":{"line":0,"column":0},"end":{"line":0,"column":0},"skip":true},"skip":true},"2":{"name":"_classCallCheck","line":13,"loc":{"start":{"line":0,"column":0},"end":{"line":0,"column":0},"skip":true},"skip":true},"3":{"name":"_possibleConstructorReturn","line":15,"loc":{"start":{"line":0,"column":0},"end":{"line":0,"column":0},"skip":true},"skip":true},"4":{"name":"_inherits","line":17,"loc":{"start":{"line":0,"column":0},"end":{"line":0,"column":0},"skip":true},"skip":true},"5":{"name":"(anonymous_5)","line":19,"loc":{"start":{"line":5,"column":21},"end":{"line":5,"column":21}}},"6":{"name":"GroupGraphPattern","line":31,"loc":{"start":{"line":14,"column":4},"end":{"line":14,"column":26}}}},"statementMap":{"1":{"start":{"line":0,"column":0},"end":{"line":0,"column":0},"skip":true},"2":{"start":{"line":0,"column":0},"end":{"line":0,"column":0},"skip":true},"3":{"start":{"line":0,"column":0},"end":{"line":0,"column":0},"skip":true},"4":{"start":{"line":0,"column":0},"end":{"line":0,"column":0},"skip":true},"5":{"start":{"line":0,"column":0},"end":{"line":0,"column":0},"skip":true},"6":{"start":{"line":0,"column":0},"end":{"line":0,"column":0},"skip":true},"7":{"start":{"line":0,"column":0},"end":{"line":0,"column":0},"skip":true},"8":{"start":{"line":0,"column":0},"end":{"line":0,"column":0},"skip":true},"9":{"start":{"line":0,"column":0},"end":{"line":0,"column":0},"skip":true},"10":{"start":{"line":0,"column":0},"end":{"line":0,"column":0},"skip":true},"11":{"start":{"line":0,"column":0},"end":{"line":0,"column":0},"skip":true},"12":{"start":{"line":0,"column":0},"end":{"line":0,"column":0},"skip":true},"13":{"start":{"line":0,"column":0},"end":{"line":0,"column":0},"skip":true},"14":{"start":{"line":0,"column":0},"end":{"line":0,"column":0},"skip":true},"15":{"start":{"line":0,"column":0},"end":{"line":0,"column":0},"skip":true},"16":{"start":{"line":0,"column":0},"end":{"line":0,"column":0},"skip":true},"17":{"start":{"line":0,"column":0},"end":{"line":0,"column":0},"skip":true},"18":{"start":{"line":0,"column":0},"end":{"line":0,"column":0},"skip":true},"19":{"start":{"line":0,"column":0},"end":{"line":0,"column":0},"skip":true},"20":{"start":{"line":0,"column":0},"end":{"line":0,"column":0},"skip":true},"21":{"start":{"line":14,"column":4},"end":{"line":14,"column":4}},"22":{"start":{"line":0,"column":0},"end":{"line":0,"column":0},"skip":true},"23":{"start":{"line":0,"column":0},"end":{"line":0,"column":0},"skip":true},"24":{"start":{"line":0,"column":0},"end":{"line":0,"column":0},"skip":true},"25":{"start":{"line":0,"column":0},"end":{"line":0,"column":0},"skip":true}},"branchMap":{"1":{"line":11,"type":"cond-expr","locations":[{"start":{"line":0,"column":0},"end":{"line":0,"column":0},"skip":true},{"start":{"line":0,"column":0},"end":{"line":0,"column":0},"skip":true}]},"2":{"line":11,"type":"binary-expr","locations":[{"start":{"line":0,"column":0},"end":{"line":0,"column":0},"skip":true},{"start":{"line":0,"column":0},"end":{"line":0,"column":0},"skip":true}]},"3":{"line":13,"type":"if","locations":[{"start":{"line":0,"column":0},"end":{"line":0,"column":0},"skip":true},{"start":{"line":0,"column":0},"end":{"line":0,"column":0},"skip":true}]},"4":{"line":15,"type":"if","locations":[{"start":{"line":0,"column":0},"end":{"line":0,"column":0},"skip":true},{"start":{"line":0,"column":0},"end":{"line":0,"column":0},"skip":true}]},"5":{"line":15,"type":"cond-expr","locations":[{"start":{"line":0,"column":0},"end":{"line":0,"column":0},"skip":true},{"start":{"line":0,"column":0},"end":{"line":0,"column":0},"skip":true}]},"6":{"line":15,"type":"binary-expr","locations":[{"start":{"line":0,"column":0},"end":{"line":0,"column":0},"skip":true},{"start":{"line":0,"column":0},"end":{"line":0,"column":0},"skip":true},{"start":{"line":0,"column":0},"end":{"line":0,"column":0},"skip":true}]},"7":{"line":17,"type":"if","locations":[{"start":{"line":0,"column":0},"end":{"line":0,"column":0},"skip":true},{"start":{"line":0,"column":0},"end":{"line":0,"column":0},"skip":true}]},"8":{"line":17,"type":"binary-expr","locations":[{"start":{"line":0,"column":0},"end":{"line":0,"column":0},"skip":true},{"start":{"line":0,"column":0},"end":{"line":0,"column":0},"skip":true}]},"9":{"line":17,"type":"binary-expr","locations":[{"start":{"line":0,"column":0},"end":{"line":0,"column":0},"skip":true},{"start":{"line":0,"column":0},"end":{"line":0,"column":0},"skip":true}]},"10":{"line":17,"type":"if","locations":[{"start":{"line":0,"column":0},"end":{"line":0,"column":0},"skip":true},{"start":{"line":0,"column":0},"end":{"line":0,"column":0},"skip":true}]},"11":{"line":17,"type":"cond-expr","locations":[{"start":{"line":0,"column":0},"end":{"line":0,"column":0},"skip":true},{"start":{"line":0,"column":0},"end":{"line":0,"column":0},"skip":true}]}}},"/Volumes/XTND/DevProjects/WebstormProjects/ng-sparql-querybuilder-example/bower_components/sparql-hollandaise/src/sparql/query-types.js":{"path":"/Volumes/XTND/DevProjects/WebstormProjects/ng-sparql-querybuilder-example/bower_components/sparql-hollandaise/src/sparql/query-types.js","s":{"1":1,"2":1,"3":4,"4":5,"5":5,"6":5,"7":5,"8":5,"9":5,"10":1,"11":4,"12":4,"13":4,"14":0,"15":4,"16":1,"17":1,"18":1,"19":1,"20":1,"21":1,"22":1,"23":2,"24":1,"25":7,"26":0,"27":1,"28":1,"29":4,"30":4,"31":4,"32":1,"33":8,"34":1,"35":1,"36":1,"37":1,"38":1,"39":1,"40":1,"41":1,"42":1,"43":1,"44":1,"45":1,"46":1,"47":1,"48":1,"49":1,"50":1,"51":1,"52":1,"53":1,"54":1,"55":1},"b":{"1":[5,5],"2":[5,0],"3":[4,0],"4":[0,4],"5":[2,0],"6":[2,2],"7":[0,7],"8":[1,7]},"f":{"1":1,"2":4,"3":4,"4":2,"5":7,"6":1,"7":4,"8":8,"9":1,"10":1,"11":1,"12":1,"13":1,"14":1,"15":1,"16":1,"17":1,"18":1},"fnMap":{"1":{"name":"(anonymous_1)","line":3,"loc":{"start":{"line":0,"column":0},"end":{"line":0,"column":0},"skip":true},"skip":true},"2":{"name":"defineProperties","line":3,"loc":{"start":{"line":0,"column":0},"end":{"line":0,"column":0},"skip":true},"skip":true},"3":{"name":"(anonymous_3)","line":3,"loc":{"start":{"line":0,"column":0},"end":{"line":0,"column":0},"skip":true},"skip":true},"4":{"name":"_interopRequireDefault","line":18,"loc":{"start":{"line":0,"column":0},"end":{"line":0,"column":0},"skip":true},"skip":true},"5":{"name":"_classCallCheck","line":20,"loc":{"start":{"line":0,"column":0},"end":{"line":0,"column":0},"skip":true},"skip":true},"6":{"name":"(anonymous_6)","line":22,"loc":{"start":{"line":6,"column":13},"end":{"line":6,"column":13}}},"7":{"name":"Select","line":32,"loc":{"start":{"line":15,"column":4},"end":{"line":15,"column":35}}},"8":{"name":"toString","line":48,"loc":{"start":{"line":0,"column":0},"end":{"line":0,"column":0},"skip":true},"skip":true},"9":{"name":"(anonymous_9)","line":56,"loc":{"start":{"line":31,"column":13},"end":{"line":31,"column":13}}},"10":{"name":"Describe","line":65,"loc":{"start":{"line":39,"column":4},"end":{"line":39,"column":25}}},"11":{"name":"toString","line":80,"loc":{"start":{"line":0,"column":0},"end":{"line":0,"column":0},"skip":true},"skip":true},"12":{"name":"(anonymous_12)","line":88,"loc":{"start":{"line":54,"column":13},"end":{"line":54,"column":13}}},"13":{"name":"Ask","line":96,"loc":{"start":{"line":61,"column":4},"end":{"line":61,"column":18}}},"14":{"name":"toString","line":109,"loc":{"start":{"line":0,"column":0},"end":{"line":0,"column":0},"skip":true},"skip":true},"15":{"name":"(anonymous_15)","line":117,"loc":{"start":{"line":76,"column":13},"end":{"line":76,"column":13}}},"16":{"name":"Construct","line":126,"loc":{"start":{"line":84,"column":4},"end":{"line":84,"column":25}}},"17":{"name":"addTriple","line":141,"loc":{"start":{"line":0,"column":0},"end":{"line":0,"column":0},"skip":true},"skip":true},"18":{"name":"toString","line":154,"loc":{"start":{"line":0,"column":0},"end":{"line":0,"column":0},"skip":true},"skip":true}},"statementMap":{"1":{"start":{"line":0,"column":0},"end":{"line":0,"column":0},"skip":true},"2":{"start":{"line":0,"column":0},"end":{"line":0,"column":0},"skip":true},"3":{"start":{"line":0,"column":0},"end":{"line":0,"column":0},"skip":true},"4":{"start":{"line":0,"column":0},"end":{"line":0,"column":0},"skip":true},"5":{"start":{"line":0,"column":0},"end":{"line":0,"column":0},"skip":true},"6":{"start":{"line":0,"column":0},"end":{"line":0,"column":0},"skip":true},"7":{"start":{"line":0,"column":0},"end":{"line":0,"column":0},"skip":true},"8":{"start":{"line":0,"column":0},"end":{"line":0,"column":0},"skip":true},"9":{"start":{"line":0,"column":0},"end":{"line":0,"column":0},"skip":true},"10":{"start":{"line":0,"column":0},"end":{"line":0,"column":0},"skip":true},"11":{"start":{"line":0,"column":0},"end":{"line":0,"column":0},"skip":true},"12":{"start":{"line":0,"column":0},"end":{"line":0,"column":0},"skip":true},"13":{"start":{"line":0,"column":0},"end":{"line":0,"column":0},"skip":true},"14":{"start":{"line":0,"column":0},"end":{"line":0,"column":0},"skip":true},"15":{"start":{"line":0,"column":0},"end":{"line":0,"column":0},"skip":true},"16":{"start":{"line":0,"column":0},"end":{"line":0,"column":0},"skip":true},"17":{"start":{"line":0,"column":0},"end":{"line":0,"column":0},"skip":true},"18":{"start":{"line":0,"column":0},"end":{"line":0,"column":0},"skip":true},"19":{"start":{"line":0,"column":0},"end":{"line":0,"column":0},"skip":true},"20":{"start":{"line":0,"column":0},"end":{"line":0,"column":0},"skip":true},"21":{"start":{"line":0,"column":0},"end":{"line":0,"column":0},"skip":true},"22":{"start":{"line":0,"column":0},"end":{"line":0,"column":0},"skip":true},"23":{"start":{"line":0,"column":0},"end":{"line":0,"column":0},"skip":true},"24":{"start":{"line":0,"column":0},"end":{"line":0,"column":0},"skip":true},"25":{"start":{"line":0,"column":0},"end":{"line":0,"column":0},"skip":true},"26":{"start":{"line":0,"column":0},"end":{"line":0,"column":0},"skip":true},"27":{"start":{"line":0,"column":0},"end":{"line":0,"column":0},"skip":true},"28":{"start":{"line":15,"column":4},"end":{"line":15,"column":4}},"29":{"start":{"line":0,"column":0},"end":{"line":0,"column":0},"skip":true},"30":{"start":{"line":16,"column":8},"end":{"line":15,"column":35}},"31":{"start":{"line":17,"column":8},"end":{"line":15,"column":35}},"32":{"start":{"line":0,"column":0},"end":{"line":0,"column":0},"skip":true},"33":{"start":{"line":27,"column":8},"end":{"line":26,"column":15}},"34":{"start":{"line":0,"column":0},"end":{"line":0,"column":0},"skip":true},"35":{"start":{"line":0,"column":0},"end":{"line":0,"column":0},"skip":true},"36":{"start":{"line":39,"column":4},"end":{"line":39,"column":4}},"37":{"start":{"line":0,"column":0},"end":{"line":0,"column":0},"skip":true},"38":{"start":{"line":40,"column":8},"end":{"line":39,"column":25}},"39":{"start":{"line":0,"column":0},"end":{"line":0,"column":0},"skip":true},"40":{"start":{"line":50,"column":8},"end":{"line":49,"column":15}},"41":{"start":{"line":0,"column":0},"end":{"line":0,"column":0},"skip":true},"42":{"start":{"line":0,"column":0},"end":{"line":0,"column":0},"skip":true},"43":{"start":{"line":61,"column":4},"end":{"line":61,"column":4}},"44":{"start":{"line":0,"column":0},"end":{"line":0,"column":0},"skip":true},"45":{"start":{"line":0,"column":0},"end":{"line":0,"column":0},"skip":true},"46":{"start":{"line":72,"column":8},"end":{"line":71,"column":15}},"47":{"start":{"line":0,"column":0},"end":{"line":0,"column":0},"skip":true},"48":{"start":{"line":0,"column":0},"end":{"line":0,"column":0},"skip":true},"49":{"start":{"line":84,"column":4},"end":{"line":84,"column":4}},"50":{"start":{"line":0,"column":0},"end":{"line":0,"column":0},"skip":true},"51":{"start":{"line":85,"column":8},"end":{"line":84,"column":25}},"52":{"start":{"line":0,"column":0},"end":{"line":0,"column":0},"skip":true},"53":{"start":{"line":95,"column":8},"end":{"line":94,"column":22}},"54":{"start":{"line":105,"column":8},"end":{"line":104,"column":15}},"55":{"start":{"line":0,"column":0},"end":{"line":0,"column":0},"skip":true}},"branchMap":{"1":{"line":3,"type":"binary-expr","locations":[{"start":{"line":0,"column":0},"end":{"line":0,"column":0},"skip":true},{"start":{"line":0,"column":0},"end":{"line":0,"column":0},"skip":true}]},"2":{"line":3,"type":"if","locations":[{"start":{"line":0,"column":0},"end":{"line":0,"column":0},"skip":true},{"start":{"line":0,"column":0},"end":{"line":0,"column":0},"skip":true}]},"3":{"line":3,"type":"if","locations":[{"start":{"line":0,"column":0},"end":{"line":0,"column":0},"skip":true},{"start":{"line":0,"column":0},"end":{"line":0,"column":0},"skip":true}]},"4":{"line":3,"type":"if","locations":[{"start":{"line":0,"column":0},"end":{"line":0,"column":0},"skip":true},{"start":{"line":0,"column":0},"end":{"line":0,"column":0},"skip":true}]},"5":{"line":18,"type":"cond-expr","locations":[{"start":{"line":0,"column":0},"end":{"line":0,"column":0},"skip":true},{"start":{"line":0,"column":0},"end":{"line":0,"column":0},"skip":true}]},"6":{"line":18,"type":"binary-expr","locations":[{"start":{"line":0,"column":0},"end":{"line":0,"column":0},"skip":true},{"start":{"line":0,"column":0},"end":{"line":0,"column":0},"skip":true}]},"7":{"line":20,"type":"if","locations":[{"start":{"line":0,"column":0},"end":{"line":0,"column":0},"skip":true},{"start":{"line":0,"column":0},"end":{"line":0,"column":0},"skip":true}]},"8":{"line":49,"type":"cond-expr","locations":[{"start":{"line":27,"column":24},"end":{"line":27,"column":45}},{"start":{"line":27,"column":64},"end":{"line":27,"column":24}}]}}}}