TN:
SF:/Volumes/XTND/DevProjects/WebstormProjects/ng-sparql-querybuilder-example/bower_components/sparql-hollandaise/src/sparql/filter.js
FN:3,(anonymous_1)
FN:3,defineProperties
FN:3,(anonymous_3)
FN:9,_classCallCheck
FN:11,(anonymous_5)
FN:20,Filter
FN:35,toString
FNF:7
FNH:7
FNDA:1,(anonymous_1)
FNDA:1,defineProperties
FNDA:1,(anonymous_3)
FNDA:2,_classCallCheck
FNDA:1,(anonymous_5)
FNDA:2,Filter
FNDA:5,toString
DA:0,2
DA:11,1
DA:12,2
DA:22,5
LF:4
LH:4
BRDA:3,1,0,1
BRDA:3,1,1,1
BRDA:3,2,0,1
BRDA:3,2,1,0
BRDA:3,3,0,1
BRDA:3,3,1,0
BRDA:3,4,0,0
BRDA:3,4,1,1
BRDA:9,5,0,0
BRDA:9,5,1,2
BRF:10
BRH:10
end_of_record
TN:
SF:/Volumes/XTND/DevProjects/WebstormProjects/ng-sparql-querybuilder-example/bower_components/sparql-hollandaise/src/sparql/graph-pattern.js
FN:3,(anonymous_1)
FN:3,(anonymous_2)
FN:5,(anonymous_3)
FN:5,defineProperties
FN:5,(anonymous_5)
FN:15,_interopRequireDefault
FN:17,_classCallCheck
FN:19,(anonymous_8)
FN:31,GraphPattern
FN:82,addElement
FN:105,removeElements
FN:125,getElements
FN:138,countElements
FN:150,clear
FN:163,toString
FNF:15
FNH:15
FNDA:0,(anonymous_1)
FNDA:0,(anonymous_2)
FNDA:1,(anonymous_3)
FNDA:1,defineProperties
FNDA:1,(anonymous_5)
FNDA:1,_interopRequireDefault
FNDA:15,_classCallCheck
FNDA:1,(anonymous_8)
FNDA:15,GraphPattern
FNDA:29,addElement
FNDA:2,removeElements
FNDA:0,getElements
FNDA:33,countElements
FNDA:16,clear
FNDA:22,toString
DA:0,36
DA:16,1
DA:17,15
DA:18,15
DA:19,15
DA:20,15
DA:21,15
DA:22,8
DA:23,16
DA:25,7
DA:26,7
DA:38,29
DA:39,1
DA:41,29
DA:42,29
DA:44,0
DA:56,2
DA:57,2
DA:59,0
DA:70,0
DA:80,33
DA:89,16
DA:99,22
DA:100,22
DA:101,36
DA:102,1
DA:104,35
DA:107,22
DA:108,22
LF:29
LH:26
BRDA:3,1,0,1
BRDA:3,1,1,0
BRDA:3,2,0,1
BRDA:3,2,1,1
BRDA:3,3,0,0
BRDA:3,3,1,0
BRDA:3,4,0,0
BRDA:3,4,1,0
BRDA:3,4,2,0
BRDA:5,5,0,6
BRDA:5,5,1,6
BRDA:5,6,0,6
BRDA:5,6,1,0
BRDA:5,7,0,1
BRDA:5,7,1,0
BRDA:5,8,0,0
BRDA:5,8,1,1
BRDA:15,9,0,1
BRDA:15,9,1,0
BRDA:15,10,0,1
BRDA:15,10,1,1
BRDA:17,11,0,0
BRDA:17,11,1,15
BRDA:32,12,0,9
BRDA:32,12,1,6
BRDA:32,13,0,15
BRDA:32,13,1,6
BRDA:33,14,0,9
BRDA:33,14,1,6
BRDA:33,15,0,15
BRDA:33,15,1,6
BRDA:34,16,0,11
BRDA:34,16,1,4
BRDA:34,17,0,15
BRDA:34,17,1,4
BRDA:42,18,0,8
BRDA:42,18,1,7
BRDA:58,19,0,0
BRDA:58,19,1,8
BRDA:58,20,0,8
BRDA:58,20,1,0
BRDA:62,21,0,0
BRDA:62,21,1,8
BRDA:67,22,0,7
BRDA:67,22,1,0
BRDA:83,23,0,28
BRDA:83,23,1,1
BRDA:83,24,0,29
BRDA:83,24,1,1
BRDA:85,25,0,1
BRDA:85,25,1,28
BRDA:88,26,0,29
BRDA:88,26,1,0
BRDA:89,27,0,28
BRDA:89,27,1,1
BRDA:91,28,0,0
BRDA:91,28,1,0
BRDA:91,29,0,0
BRDA:91,29,1,0
BRDA:106,30,0,1
BRDA:106,30,1,1
BRDA:106,31,0,2
BRDA:106,31,1,1
BRDA:107,32,0,1
BRDA:107,32,1,1
BRDA:107,33,0,2
BRDA:107,33,1,1
BRDA:109,34,0,2
BRDA:109,34,1,0
BRDA:109,35,0,2
BRDA:109,35,1,2
BRDA:164,36,0,1
BRDA:164,36,1,21
BRDA:164,37,0,1
BRDA:164,37,1,21
BRDA:173,38,0,1
BRDA:173,38,1,35
BRDA:176,39,0,15
BRDA:176,39,1,20
BRDA:176,40,0,35
BRDA:176,40,1,25
BRDA:184,41,0,0
BRDA:184,41,1,22
BRDA:184,42,0,22
BRDA:184,42,1,0
BRDA:188,43,0,0
BRDA:188,43,1,22
BRF:87
BRH:80
end_of_record
TN:
SF:/Volumes/XTND/DevProjects/WebstormProjects/ng-sparql-querybuilder-example/bower_components/sparql-hollandaise/src/sparql/triple.js
FN:3,(anonymous_1)
FN:3,defineProperties
FN:3,(anonymous_3)
FN:9,_classCallCheck
FN:11,(anonymous_5)
FN:20,Triple
FN:97,toString
FNF:7
FNH:7
FNDA:1,(anonymous_1)
FNDA:1,defineProperties
FNDA:1,(anonymous_3)
FNDA:9,_classCallCheck
FNDA:1,(anonymous_5)
FNDA:9,Triple
FNDA:29,toString
DA:0,13
DA:11,1
DA:12,9
DA:13,9
DA:15,1
DA:16,1
DA:17,3
DA:19,1
DA:20,1
DA:22,2
DA:23,2
DA:24,2
DA:27,1
DA:28,1
DA:31,1
DA:34,2
DA:36,6
DA:37,6
DA:39,6
DA:41,9
DA:42,9
DA:43,9
DA:44,9
DA:46,0
DA:57,29
DA:58,1
DA:59,28
DA:60,1
DA:62,27
LF:29
LH:28
BRDA:3,1,0,1
BRDA:3,1,1,1
BRDA:3,2,0,1
BRDA:3,2,1,0
BRDA:3,3,0,1
BRDA:3,3,1,0
BRDA:3,4,0,0
BRDA:3,4,1,1
BRDA:9,5,0,0
BRDA:9,5,1,9
BRDA:29,6,0,1
BRDA:29,6,1,2
BRDA:29,6,2,6
BRDA:47,7,0,0
BRDA:47,7,1,1
BRDA:47,8,0,1
BRDA:47,8,1,0
BRDA:51,9,0,0
BRDA:51,9,1,1
BRDA:57,10,0,1
BRDA:57,10,1,0
BRDA:60,11,0,2
BRDA:60,11,1,0
BRDA:60,12,0,2
BRDA:60,12,1,2
BRDA:62,13,0,1
BRDA:62,13,1,1
BRDA:66,14,0,1
BRDA:66,14,1,0
BRDA:74,15,0,6
BRDA:74,15,1,0
BRDA:79,16,0,9
BRDA:79,16,1,0
BRDA:98,17,0,1
BRDA:98,17,1,28
BRDA:100,18,0,1
BRDA:100,18,1,27
BRF:37
BRH:32
end_of_record
TN:
SF:/Volumes/XTND/DevProjects/WebstormProjects/ng-sparql-querybuilder-example/bower_components/sparql-hollandaise/src/sparql/query.js
FN:3,(anonymous_1)
FN:3,(anonymous_2)
FN:5,(anonymous_3)
FN:5,defineProperties
FN:5,(anonymous_5)
FN:31,_interopRequireWildcard
FN:33,_interopRequireDefault
FN:35,_classCallCheck
FN:37,(anonymous_9)
FN:46,Query
FN:62,base
FN:76,prefix
FN:90,addPrefix
FN:107,getPrefixes
FN:119,clearPrefixes
FN:134,select
FN:149,describe
FN:163,ask
FN:178,construct
FN:194,from
FN:199,(anonymous_21)
FN:214,getDatasetClauses
FN:226,clearDatasetClauses
FN:240,where
FN:258,getWhereClause
FN:272,order
FN:291,limit
FN:310,offset
FN:328,exec
FN:342,toString
FN:436,reset
FN:449,addArrayOrSingle
FNF:32
FNH:31
FNDA:0,(anonymous_1)
FNDA:0,(anonymous_2)
FNDA:1,(anonymous_3)
FNDA:1,defineProperties
FNDA:1,(anonymous_5)
FNDA:1,_interopRequireWildcard
FNDA:4,_interopRequireDefault
FNDA:2,_classCallCheck
FNDA:1,(anonymous_9)
FNDA:2,Query
FNDA:0,base
FNDA:0,prefix
FNDA:0,addPrefix
FNDA:0,getPrefixes
FNDA:0,clearPrefixes
FNDA:2,select
FNDA:0,describe
FNDA:0,ask
FNDA:0,construct
FNDA:0,from
FNDA:0,(anonymous_21)
FNDA:0,getDatasetClauses
FNDA:0,clearDatasetClauses
FNDA:3,where
FNDA:0,getWhereClause
FNDA:1,order
FNDA:1,limit
FNDA:1,offset
FNDA:0,exec
FNDA:7,toString
FNDA:3,reset
FNDA:0,addArrayOrSingle
DA:0,21
DA:17,1
DA:18,2
DA:19,2
DA:29,0
DA:40,0
DA:41,0
DA:51,0
DA:52,0
DA:53,0
DA:54,0
DA:65,0
DA:74,0
DA:86,2
DA:87,2
DA:98,0
DA:99,0
DA:109,0
DA:110,0
DA:121,0
DA:122,0
DA:134,0
DA:135,0
DA:137,0
DA:147,0
DA:156,0
DA:167,3
DA:169,3
DA:171,0
DA:173,3
DA:183,0
DA:194,1
DA:195,1
DA:197,0
DA:199,1
DA:210,1
DA:211,1
DA:213,0
DA:215,1
DA:226,1
DA:227,1
DA:229,0
DA:231,1
DA:241,0
DA:252,7
DA:254,7
DA:255,6
DA:256,0
DA:259,6
DA:260,0
DA:261,0
DA:266,7
DA:267,6
DA:269,1
DA:272,6
DA:273,6
DA:275,0
DA:278,6
DA:279,6
DA:281,0
DA:284,6
DA:285,6
DA:286,6
DA:290,6
DA:299,3
DA:311,0
DA:312,0
DA:313,0
DA:316,0
LF:69
LH:34
BRDA:3,1,0,1
BRDA:3,1,1,0
BRDA:3,2,0,1
BRDA:3,2,1,1
BRDA:3,3,0,0
BRDA:3,3,1,0
BRDA:3,4,0,0
BRDA:3,4,1,0
BRDA:3,4,2,0
BRDA:5,5,0,21
BRDA:5,5,1,21
BRDA:5,6,0,21
BRDA:5,6,1,0
BRDA:5,7,0,1
BRDA:5,7,1,0
BRDA:5,8,0,0
BRDA:5,8,1,1
BRDA:31,9,0,1
BRDA:31,9,1,0
BRDA:31,10,0,1
BRDA:31,10,1,1
BRDA:31,11,0,0
BRDA:31,11,1,0
BRDA:31,12,0,0
BRDA:31,12,1,0
BRDA:33,13,0,4
BRDA:33,13,1,0
BRDA:33,14,0,4
BRDA:33,14,1,4
BRDA:35,15,0,0
BRDA:35,15,1,2
BRDA:91,16,0,0
BRDA:91,16,1,0
BRDA:93,17,0,0
BRDA:93,17,1,0
BRDA:197,18,0,0
BRDA:197,18,1,0
BRDA:197,19,0,0
BRDA:197,19,1,0
BRDA:200,20,0,0
BRDA:200,20,1,0
BRDA:241,21,0,3
BRDA:241,21,1,0
BRDA:241,22,0,3
BRDA:241,22,1,0
BRDA:273,23,0,1
BRDA:273,23,1,0
BRDA:276,24,0,0
BRDA:276,24,1,0
BRDA:292,25,0,1
BRDA:292,25,1,0
BRDA:295,26,0,0
BRDA:295,26,1,0
BRDA:311,27,0,1
BRDA:311,27,1,0
BRDA:314,28,0,0
BRDA:314,28,1,0
BRDA:343,29,0,6
BRDA:343,29,1,1
BRDA:343,30,0,7
BRDA:343,30,1,1
BRDA:347,31,0,6
BRDA:347,31,1,1
BRDA:348,32,0,0
BRDA:348,32,1,6
BRDA:352,33,0,0
BRDA:352,33,1,6
BRDA:368,34,0,0
BRDA:368,34,1,0
BRDA:368,35,0,0
BRDA:368,35,1,0
BRDA:372,36,0,0
BRDA:372,36,1,0
BRDA:380,37,0,6
BRDA:380,37,1,1
BRDA:386,38,0,6
BRDA:386,38,1,0
BRDA:392,39,0,6
BRDA:392,39,1,0
BRDA:398,40,0,6
BRDA:398,40,1,0
BRDA:414,41,0,0
BRDA:414,41,1,6
BRDA:414,42,0,6
BRDA:414,42,1,0
BRDA:418,43,0,0
BRDA:418,43,1,6
BRDA:450,44,0,0
BRDA:450,44,1,0
BRDA:466,45,0,0
BRDA:466,45,1,0
BRDA:466,46,0,0
BRDA:466,46,1,0
BRDA:470,47,0,0
BRDA:470,47,1,0
BRF:95
BRH:67
end_of_record
TN:
SF:/Volumes/XTND/DevProjects/WebstormProjects/ng-sparql-querybuilder-example/bower_components/sparql-hollandaise/src/sparql/transport.js
FN:3,(anonymous_1)
FN:3,defineProperties
FN:3,(anonymous_3)
FN:13,_interopRequireDefault
FN:15,_classCallCheck
FN:21,(anonymous_6)
FN:30,Transport
FN:46,submit
FN:48,(anonymous_9)
FN:62,(anonymous_10)
FN:64,(anonymous_11)
FN:67,(anonymous_12)
FN:80,(anonymous_13)
FN:83,(anonymous_14)
FNF:14
FNH:8
FNDA:1,(anonymous_1)
FNDA:1,defineProperties
FNDA:1,(anonymous_3)
FNDA:1,_interopRequireDefault
FNDA:2,_classCallCheck
FNDA:1,(anonymous_6)
FNDA:2,Transport
FNDA:0,submit
FNDA:0,(anonymous_9)
FNDA:0,(anonymous_10)
FNDA:0,(anonymous_11)
FNDA:0,(anonymous_12)
FNDA:0,(anonymous_13)
FNDA:0,(anonymous_14)
DA:0,2
DA:3,1
DA:17,1
DA:18,2
DA:29,0
DA:30,0
DA:31,0
DA:44,0
DA:45,0
DA:46,0
DA:48,0
DA:49,0
DA:50,0
DA:52,0
DA:57,0
DA:59,0
DA:60,0
DA:63,0
DA:64,0
DA:67,0
LF:20
LH:4
BRDA:3,1,0,1
BRDA:3,1,1,1
BRDA:3,2,0,1
BRDA:3,2,1,0
BRDA:3,3,0,1
BRDA:3,3,1,0
BRDA:3,4,0,0
BRDA:3,4,1,1
BRDA:13,5,0,1
BRDA:13,5,1,0
BRDA:13,6,0,1
BRDA:13,6,1,1
BRDA:15,7,0,0
BRDA:15,7,1,2
BRDA:68,8,0,0
BRDA:68,8,1,0
BRF:16
BRH:14
end_of_record
TN:
SF:/Volumes/XTND/DevProjects/WebstormProjects/ng-sparql-querybuilder-example/bower_components/sparql-hollandaise/src/sparql/result.js
FN:7,_classCallCheck
FN:17,Result
FNF:2
FNH:2
FNDA:2,_classCallCheck
FNDA:2,Result
DA:0,2
DA:12,2
DA:13,1
DA:14,1
DA:15,1
DA:17,2
DA:18,1
LF:7
LH:7
BRDA:7,1,0,0
BRDA:7,1,1,2
BRDA:20,2,0,1
BRDA:20,2,1,1
BRDA:25,3,0,1
BRDA:25,3,1,1
BRF:6
BRH:6
end_of_record
TN:
SF:/Volumes/XTND/DevProjects/WebstormProjects/ng-sparql-querybuilder-example/bower_components/sparql-hollandaise/src/sparql/prefix.js
FN:3,(anonymous_1)
FN:3,defineProperties
FN:3,(anonymous_3)
FN:13,_interopRequireDefault
FN:15,_classCallCheck
FN:17,(anonymous_6)
FN:27,Prefix
FN:55,toString
FNF:8
FNH:8
FNDA:1,(anonymous_1)
FNDA:1,defineProperties
FNDA:1,(anonymous_3)
FNDA:1,_interopRequireDefault
FNDA:3,_classCallCheck
FNDA:1,(anonymous_6)
FNDA:3,Prefix
FNDA:3,toString
DA:0,3
DA:14,1
DA:15,3
DA:16,3
DA:18,3
DA:19,1
DA:20,1
DA:22,0
DA:25,2
DA:36,3
LF:10
LH:9
BRDA:3,1,0,1
BRDA:3,1,1,1
BRDA:3,2,0,1
BRDA:3,2,1,0
BRDA:3,3,0,1
BRDA:3,3,1,0
BRDA:3,4,0,0
BRDA:3,4,1,1
BRDA:13,5,0,1
BRDA:13,5,1,0
BRDA:13,6,0,1
BRDA:13,6,1,1
BRDA:15,7,0,0
BRDA:15,7,1,3
BRDA:28,8,0,3
BRDA:28,8,1,0
BRDA:28,9,0,3
BRDA:28,9,1,0
BRDA:32,10,0,3
BRDA:32,10,1,0
BRDA:35,11,0,1
BRDA:35,11,1,2
BRDA:36,12,0,1
BRDA:36,12,1,0
BRF:24
BRH:20
end_of_record
TN:
SF:/Volumes/XTND/DevProjects/WebstormProjects/ng-sparql-querybuilder-example/bower_components/sparql-hollandaise/src/sparql/prefix-index.js
FNF:0
FNH:0
DA:0,1
DA:3,1
LF:2
LH:2
BRF:0
BRH:0
end_of_record
TN:
SF:/Volumes/XTND/DevProjects/WebstormProjects/ng-sparql-querybuilder-example/bower_components/sparql-hollandaise/src/sparql/group-graph-pattern.js
FN:11,_interopRequireDefault
FN:13,_classCallCheck
FN:15,_possibleConstructorReturn
FN:17,_inherits
FN:19,(anonymous_5)
FN:31,GroupGraphPattern
FNF:6
FNH:6
FNDA:1,_interopRequireDefault
FNDA:3,_classCallCheck
FNDA:3,_possibleConstructorReturn
FNDA:1,_inherits
FNDA:1,(anonymous_5)
FNDA:3,GroupGraphPattern
DA:0,3
DA:14,1
LF:2
LH:2
BRDA:11,1,0,1
BRDA:11,1,1,0
BRDA:11,2,0,1
BRDA:11,2,1,1
BRDA:13,3,0,0
BRDA:13,3,1,3
BRDA:15,4,0,0
BRDA:15,4,1,3
BRDA:15,5,0,0
BRDA:15,5,1,3
BRDA:15,6,0,3
BRDA:15,6,1,0
BRDA:15,6,2,0
BRDA:17,7,0,0
BRDA:17,7,1,1
BRDA:17,8,0,1
BRDA:17,8,1,0
BRDA:17,9,0,1
BRDA:17,9,1,1
BRDA:17,10,0,1
BRDA:17,10,1,0
BRDA:17,11,0,1
BRDA:17,11,1,0
BRF:23
BRH:23
end_of_record
TN:
SF:/Volumes/XTND/DevProjects/WebstormProjects/ng-sparql-querybuilder-example/bower_components/sparql-hollandaise/src/sparql/query-types.js
FN:3,(anonymous_1)
FN:3,defineProperties
FN:3,(anonymous_3)
FN:18,_interopRequireDefault
FN:20,_classCallCheck
FN:22,(anonymous_6)
FN:32,Select
FN:48,toString
FN:56,(anonymous_9)
FN:65,Describe
FN:80,toString
FN:88,(anonymous_12)
FN:96,Ask
FN:109,toString
FN:117,(anonymous_15)
FN:126,Construct
FN:141,addTriple
FN:154,toString
FNF:18
FNH:18
FNDA:1,(anonymous_1)
FNDA:4,defineProperties
FNDA:4,(anonymous_3)
FNDA:2,_interopRequireDefault
FNDA:7,_classCallCheck
FNDA:1,(anonymous_6)
FNDA:4,Select
FNDA:8,toString
FNDA:1,(anonymous_9)
FNDA:1,Describe
FNDA:1,toString
FNDA:1,(anonymous_12)
FNDA:1,Ask
FNDA:1,toString
FNDA:1,(anonymous_15)
FNDA:1,Construct
FNDA:1,addTriple
FNDA:1,toString
DA:0,7
DA:15,1
DA:16,4
DA:17,4
DA:27,8
DA:39,1
DA:40,1
DA:50,1
DA:61,1
DA:72,1
DA:84,1
DA:85,1
DA:95,1
DA:105,1
LF:14
LH:14
BRDA:3,1,0,5
BRDA:3,1,1,5
BRDA:3,2,0,5
BRDA:3,2,1,0
BRDA:3,3,0,4
BRDA:3,3,1,0
BRDA:3,4,0,0
BRDA:3,4,1,4
BRDA:18,5,0,2
BRDA:18,5,1,0
BRDA:18,6,0,2
BRDA:18,6,1,2
BRDA:20,7,0,0
BRDA:20,7,1,7
BRDA:49,8,0,1
BRDA:49,8,1,7
BRF:16
BRH:16
end_of_record
